#
# A fatal error has been detected by the Java Runtime Environment:
#
#  EXCEPTION_ACCESS_VIOLATION (0xc0000005) at pc=0x00007ffd22cdc6d9, pid=1488, tid=17516
#
# JRE version: Java(TM) SE Runtime Environment 18.9 (11.0.18+9) (build 11.0.18+9-LTS-195)
# Java VM: Java HotSpot(TM) 64-Bit Server VM 18.9 (11.0.18+9-LTS-195, mixed mode, tiered, compressed oops, g1 gc, windows-amd64)
# Problematic frame:
# C  [ig11icd64.dll+0x56c6d9]
#
# No core dump will be written. Minidumps are not enabled by default on client versions of Windows
#
# If you would like to submit a bug report, please visit:
#   https://bugreport.java.com/bugreport/crash.jsp
#

---------------  S U M M A R Y ------------

Command Line: -Dsun.java2d.d3d=false -Dsun.java2d.uiScale=1 a4.Code

Host: Intel(R) Core(TM) i7-1065G7 CPU @ 1.30GHz, 8 cores, 15G,  Windows 11 , 64 bit Build 22621 (10.0.22621.1485)
Time: Sun Apr 23 18:00:56 2023 Pacific Daylight Time elapsed time: 6.433705 seconds (0d 0h 0m 6s)

---------------  T H R E A D  ---------------

Current thread (0x000001227ffc8800):  VMThread "VM Thread" [stack: 0x0000000d33300000,0x0000000d33400000] [id=17516]

Stack: [0x0000000d33300000,0x0000000d33400000],  sp=0x0000000d333fe510,  free space=1017k
Native frames: (J=compiled Java code, j=interpreted, Vv=VM code, C=native code)
C  [ig11icd64.dll+0x56c6d9]


siginfo: EXCEPTION_ACCESS_VIOLATION (0xc0000005), reading address 0x00000000000352f8


Register to memory mapping:

RIP=0x00007ffd22cdc6d9 ig11icd64.dll
RAX=0x00000122200ca210 points into unknown readable memory: 0x000000000000003d | 3d 00 00 00 00 00 00 00
RBX=0x00000122200ca130 points into unknown readable memory: 0x000001221fd62ca0 | a0 2c d6 1f 22 01 00 00
RCX=0x0 is NULL
RDX=0x00000122200ca210 points into unknown readable memory: 0x000000000000003d | 3d 00 00 00 00 00 00 00
RSP=0x0000000d333fe510 points into unknown readable memory: 0x000001221fd0ea40 | 40 ea d0 1f 22 01 00 00
RBP=0x000001222002ac40 points into unknown readable memory: 0x000001221fd62ca0 | a0 2c d6 1f 22 01 00 00
RSI=0x00000122200ca658 points into unknown readable memory: 0x000001222002ac40 | 40 ac 02 20 22 01 00 00
RDI=0x000001221d8dbdc0 points into unknown readable memory: 0x0000000000000000 | 00 00 00 00 00 00 00 00
R8 =0x0000000000000014 is an unknown value
R9 =0x0 is NULL
R10=0x0 is NULL
R11=0x0000000000000246 is an unknown value
R12=0x0 is NULL
R13=0x0 is NULL
R14=0x0 is NULL
R15=0x0 is NULL


Registers:
RAX=0x00000122200ca210, RBX=0x00000122200ca130, RCX=0x0000000000000000, RDX=0x00000122200ca210
RSP=0x0000000d333fe510, RBP=0x000001222002ac40, RSI=0x00000122200ca658, RDI=0x000001221d8dbdc0
R8 =0x0000000000000014, R9 =0x0000000000000000, R10=0x0000000000000000, R11=0x0000000000000246
R12=0x0000000000000000, R13=0x0000000000000000, R14=0x0000000000000000, R15=0x0000000000000000
RIP=0x00007ffd22cdc6d9, EFLAGS=0x0000000000010202

Top of Stack: (sp=0x0000000d333fe510)
0x0000000d333fe510:   000001221fd0ea40 0000012200000002
0x0000000d333fe520:   0000000d333fe558 0000005400000000
0x0000000d333fe530:   00007ffd236c85e0 0000000000000056
0x0000000d333fe540:   000001222051b0d0 00000000000000a0
0x0000000d333fe550:   0000000000000000 00007ffd22cbdbc2
0x0000000d333fe560:   000001221fd0ea40 000001221d8dbdc0
0x0000000d333fe570:   0000000d333fe660 0000000000000000
0x0000000d333fe580:   0000000000000624 0000000000000000
0x0000000d333fe590:   0000000000000000 0000000000140012
0x0000000d333fe5a0:   00007ffd6a4704b8 00007ffd283a3830
0x0000000d333fe5b0:   0000000d333fe738 0000000000000000
0x0000000d333fe5c0:   0000000000000070 0000000000000000
0x0000000d333fe5d0:   0000000000000000 0000000000000000
0x0000000d333fe5e0:   0000000000000000 0000000000000000
0x0000000d333fe5f0:   0000000000000000 0000000000000000
0x0000000d333fe600:   0000b80200150000 0000000000000624 

Instructions: (pc=0x00007ffd22cdc6d9)
0x00007ffd22cdc6b9:   1d 8b c1 83 e0 0f 48 c1 e0 06 48 03 c2 48 85 c0
0x00007ffd22cdc6c9:   74 0c 48 8b 48 08 eb 08 48 83 c0 08 eb ef 33 c9
0x00007ffd22cdc6d9:   49 3b 8e f8 52 03 00 76 6b 48 8b 87 80 02 00 00
0x00007ffd22cdc6e9:   48 89 06 48 89 9f 80 02 00 00 ff 87 88 02 00 00 


Stack slot to memory mapping:
stack at sp + 0 slots: 0x000001221fd0ea40 points into unknown readable memory: 0xffffffffffffffff | ff ff ff ff ff ff ff ff
stack at sp + 1 slots: 0x0000012200000002 points into unknown readable memory: fe ca 00 00 01 00
stack at sp + 2 slots: 0x0000000d333fe558 points into unknown readable memory: 0x00007ffd22cbdbc2 | c2 db cb 22 fd 7f 00 00
stack at sp + 3 slots: 0x0000005400000000 is an unknown value
stack at sp + 4 slots: 0x00007ffd236c85e0 ig11icd64.dll
stack at sp + 5 slots: 0x0000000000000056 is an unknown value
stack at sp + 6 slots: 0x000001222051b0d0 points into unknown readable memory: 0x0000000000000000 | 00 00 00 00 00 00 00 00
stack at sp + 7 slots: 0x00000000000000a0 is an unknown value

VM_Operation (0x0000000d352ff1a0): Exit, mode: safepoint, requested by thread 0x0000012220565800


---------------  P R O C E S S  ---------------

Threads class SMR info:
_java_thread_list=0x0000012220059c80, length=16, elements={
0x000001221ccf4000, 0x000001221ccfd000, 0x000001221cd50000, 0x000001221cd52000,
0x000001221cd59000, 0x000001221cd63000, 0x000001221cd6a800, 0x000001221cef0800,
0x000001221d365800, 0x000001221fd73800, 0x000001222035b000, 0x000001221ff23000,
0x0000012279a6a800, 0x000001222005f000, 0x000001221fc87000, 0x0000012220565800
}

Java Threads: ( => current thread )
  0x000001221ccf4000 JavaThread "Reference Handler" daemon [_thread_blocked, id=6768, stack(0x0000000d33400000,0x0000000d33500000)]
  0x000001221ccfd000 JavaThread "Finalizer" daemon [_thread_blocked, id=14280, stack(0x0000000d33500000,0x0000000d33600000)]
  0x000001221cd50000 JavaThread "Attach Listener" daemon [_thread_blocked, id=25180, stack(0x0000000d33700000,0x0000000d33800000)]
  0x000001221cd52000 JavaThread "Service Thread" daemon [_thread_blocked, id=13744, stack(0x0000000d33800000,0x0000000d33900000)]
  0x000001221cd59000 JavaThread "C2 CompilerThread0" daemon [_thread_blocked, id=26008, stack(0x0000000d33900000,0x0000000d33a00000)]
  0x000001221cd63000 JavaThread "C1 CompilerThread0" daemon [_thread_blocked, id=16256, stack(0x0000000d33a00000,0x0000000d33b00000)]
  0x000001221cd6a800 JavaThread "Sweeper thread" daemon [_thread_blocked, id=18540, stack(0x0000000d33b00000,0x0000000d33c00000)]
  0x000001221cef0800 JavaThread "Common-Cleaner" daemon [_thread_blocked, id=16124, stack(0x0000000d33d00000,0x0000000d33e00000)]
  0x000001221d365800 JavaThread "Java2D Disposer" daemon [_thread_blocked, id=10560, stack(0x0000000d33e00000,0x0000000d33f00000)]
  0x000001221fd73800 JavaThread "AWT-Shutdown" [_thread_blocked, id=25688, stack(0x0000000d34a00000,0x0000000d34b00000)]
  0x000001222035b000 JavaThread "AWT-EventQueue-0" [_thread_blocked, id=9424, stack(0x0000000d34b00000,0x0000000d34c00000)]
  0x000001221ff23000 JavaThread "main-AWTAnimator#00" [_thread_blocked, id=6596, stack(0x0000000d34c00000,0x0000000d34d00000)]
  0x0000012279a6a800 JavaThread "DestroyJavaVM" [_thread_blocked, id=3756, stack(0x0000000d32d00000,0x0000000d32e00000)]
  0x000001222005f000 JavaThread "C2 CompilerThread1" daemon [_thread_blocked, id=10432, stack(0x0000000d35000000,0x0000000d35100000)]
  0x000001221fc87000 JavaThread "C2 CompilerThread2" daemon [_thread_blocked, id=11904, stack(0x0000000d35100000,0x0000000d35200000)]
  0x0000012220565800 JavaThread "SIGINT handler" daemon [_thread_blocked, id=8336, stack(0x0000000d35200000,0x0000000d35300000)]

Other Threads:
=>0x000001227ffc8800 VMThread "VM Thread" [stack: 0x0000000d33300000,0x0000000d33400000] [id=17516]
  0x0000012279a7e800 GCTaskThread "GC Thread#0" [stack: 0x0000000d32e00000,0x0000000d32f00000] [id=22896]
  0x000001221d651000 GCTaskThread "GC Thread#1" [stack: 0x0000000d33f00000,0x0000000d34000000] [id=22392]
  0x000001221d652000 GCTaskThread "GC Thread#2" [stack: 0x0000000d34100000,0x0000000d34200000] [id=23692]
  0x000001221d652800 GCTaskThread "GC Thread#3" [stack: 0x0000000d34700000,0x0000000d34800000] [id=14144]
  0x000001221fc9d000 GCTaskThread "GC Thread#4" [stack: 0x0000000d34800000,0x0000000d34900000] [id=4056]
  0x000001221fc9e000 GCTaskThread "GC Thread#5" [stack: 0x0000000d34900000,0x0000000d34a00000] [id=9412]
  0x000001221d039800 GCTaskThread "GC Thread#6" [stack: 0x0000000d34d00000,0x0000000d34e00000] [id=17780]
  0x000001221fec6800 GCTaskThread "GC Thread#7" [stack: 0x0000000d34e00000,0x0000000d34f00000] [id=13100]
  0x0000012279adb000 ConcurrentGCThread "G1 Main Marker" [stack: 0x0000000d32f00000,0x0000000d33000000] [id=696]
  0x0000012279adc000 ConcurrentGCThread "G1 Conc#0" [stack: 0x0000000d33000000,0x0000000d33100000] [id=16560]
  0x000001221d6c7000 ConcurrentGCThread "G1 Conc#1" [stack: 0x0000000d34f00000,0x0000000d35000000] [id=25096]
  0x000001227feb2800 ConcurrentGCThread "G1 Refine#0" [stack: 0x0000000d33100000,0x0000000d33200000] [id=26840]
  0x000001227feb5000 ConcurrentGCThread "G1 Young RemSet Sampling" [stack: 0x0000000d33200000,0x0000000d33300000] [id=2760]

Threads with active compile tasks:
C2 CompilerThread0     6797 1435       4       java.lang.String::split (324 bytes)
C2 CompilerThread1     6797 1434       4       java.lang.String::split (7 bytes)

VM state:at safepoint (shutting down)

VM Mutex/Monitor currently owned by a thread:  ([mutex/lock_event])
[0x0000012279a67be0] Threads_lock - owner thread: 0x000001227ffc8800

Heap address: 0x0000000706600000, size: 3994 MB, Compressed Oops mode: Zero based, Oop shift amount: 3
Narrow klass base: 0x0000000800000000, Narrow klass shift: 0
Compressed class space size: 1073741824 Address: 0x0000000800000000

Heap:
 garbage-first heap   total 256000K, used 36516K [0x0000000706600000, 0x0000000800000000)
  region size 1024K, 34 young (34816K), 5 survivors (5120K)
 Metaspace       used 22301K, capacity 22736K, committed 22832K, reserved 1071104K
  class space    used 1958K, capacity 2173K, committed 2176K, reserved 1048576K
Heap Regions: E=young(eden), S=young(survivor), O=old, HS=humongous(starts), HC=humongous(continues), CS=collection set, F=free, A=archive, TAMS=top-at-mark-start (previous, next)
|   0|0x0000000706600000, 0x0000000706600000, 0x0000000706700000|  0%| F|  |TAMS 0x0000000706600000, 0x0000000706600000| Untracked 
|   1|0x0000000706700000, 0x0000000706700a00, 0x0000000706800000|  0%| O|  |TAMS 0x0000000706700a00, 0x0000000706700000| Untracked 
|   2|0x0000000706800000, 0x0000000706900000, 0x0000000706900000|100%|HS|  |TAMS 0x0000000706900000, 0x0000000706800000| Complete 
|   3|0x0000000706900000, 0x0000000706a00000, 0x0000000706a00000|100%|HC|  |TAMS 0x0000000706a00000, 0x0000000706900000| Complete 
|   4|0x0000000706a00000, 0x0000000706b00000, 0x0000000706b00000|100%|HC|  |TAMS 0x0000000706b00000, 0x0000000706a00000| Complete 
|   5|0x0000000706b00000, 0x0000000706c00000, 0x0000000706c00000|100%|HC|  |TAMS 0x0000000706c00000, 0x0000000706b00000| Complete 
|   6|0x0000000706c00000, 0x0000000706c00000, 0x0000000706d00000|  0%| F|  |TAMS 0x0000000706c00000, 0x0000000706c00000| Untracked 
|   7|0x0000000706d00000, 0x0000000706d00000, 0x0000000706e00000|  0%| F|  |TAMS 0x0000000706d00000, 0x0000000706d00000| Untracked 
|   8|0x0000000706e00000, 0x0000000706e00000, 0x0000000706f00000|  0%| F|  |TAMS 0x0000000706e00000, 0x0000000706e00000| Untracked 
|   9|0x0000000706f00000, 0x0000000706f00000, 0x0000000707000000|  0%| F|  |TAMS 0x0000000706f00000, 0x0000000706f00000| Untracked 
|  10|0x0000000707000000, 0x0000000707000000, 0x0000000707100000|  0%| F|  |TAMS 0x0000000707000000, 0x0000000707000000| Untracked 
|  11|0x0000000707100000, 0x0000000707100000, 0x0000000707200000|  0%| F|  |TAMS 0x0000000707100000, 0x0000000707100000| Untracked 
|  12|0x0000000707200000, 0x0000000707200000, 0x0000000707300000|  0%| F|  |TAMS 0x0000000707200000, 0x0000000707200000| Untracked 
|  13|0x0000000707300000, 0x0000000707300000, 0x0000000707400000|  0%| F|  |TAMS 0x0000000707300000, 0x0000000707300000| Untracked 
|  14|0x0000000707400000, 0x0000000707400000, 0x0000000707500000|  0%| F|  |TAMS 0x0000000707400000, 0x0000000707400000| Untracked 
|  15|0x0000000707500000, 0x0000000707500000, 0x0000000707600000|  0%| F|  |TAMS 0x0000000707500000, 0x0000000707500000| Untracked 
|  16|0x0000000707600000, 0x0000000707600000, 0x0000000707700000|  0%| F|  |TAMS 0x0000000707600000, 0x0000000707600000| Untracked 
|  17|0x0000000707700000, 0x0000000707700000, 0x0000000707800000|  0%| F|  |TAMS 0x0000000707700000, 0x0000000707700000| Untracked 
|  18|0x0000000707800000, 0x0000000707800000, 0x0000000707900000|  0%| F|  |TAMS 0x0000000707800000, 0x0000000707800000| Untracked 
|  19|0x0000000707900000, 0x0000000707900000, 0x0000000707a00000|  0%| F|  |TAMS 0x0000000707900000, 0x0000000707900000| Untracked 
|  20|0x0000000707a00000, 0x0000000707a00000, 0x0000000707b00000|  0%| F|  |TAMS 0x0000000707a00000, 0x0000000707a00000| Untracked 
|  21|0x0000000707b00000, 0x0000000707b00000, 0x0000000707c00000|  0%| F|  |TAMS 0x0000000707b00000, 0x0000000707b00000| Untracked 
|  22|0x0000000707c00000, 0x0000000707c00000, 0x0000000707d00000|  0%| F|  |TAMS 0x0000000707c00000, 0x0000000707c00000| Untracked 
|  23|0x0000000707d00000, 0x0000000707d00000, 0x0000000707e00000|  0%| F|  |TAMS 0x0000000707d00000, 0x0000000707d00000| Untracked 
|  24|0x0000000707e00000, 0x0000000707e00000, 0x0000000707f00000|  0%| F|  |TAMS 0x0000000707e00000, 0x0000000707e00000| Untracked 
|  25|0x0000000707f00000, 0x0000000707f00000, 0x0000000708000000|  0%| F|  |TAMS 0x0000000707f00000, 0x0000000707f00000| Untracked 
|  26|0x0000000708000000, 0x0000000708000000, 0x0000000708100000|  0%| F|  |TAMS 0x0000000708000000, 0x0000000708000000| Untracked 
|  27|0x0000000708100000, 0x0000000708100000, 0x0000000708200000|  0%| F|  |TAMS 0x0000000708100000, 0x0000000708100000| Untracked 
|  28|0x0000000708200000, 0x0000000708200000, 0x0000000708300000|  0%| F|  |TAMS 0x0000000708200000, 0x0000000708200000| Untracked 
|  29|0x0000000708300000, 0x0000000708300000, 0x0000000708400000|  0%| F|  |TAMS 0x0000000708300000, 0x0000000708300000| Untracked 
|  30|0x0000000708400000, 0x0000000708400000, 0x0000000708500000|  0%| F|  |TAMS 0x0000000708400000, 0x0000000708400000| Untracked 
|  31|0x0000000708500000, 0x0000000708500000, 0x0000000708600000|  0%| F|  |TAMS 0x0000000708500000, 0x0000000708500000| Untracked 
|  32|0x0000000708600000, 0x0000000708600000, 0x0000000708700000|  0%| F|  |TAMS 0x0000000708600000, 0x0000000708600000| Untracked 
|  33|0x0000000708700000, 0x0000000708700000, 0x0000000708800000|  0%| F|  |TAMS 0x0000000708700000, 0x0000000708700000| Untracked 
|  34|0x0000000708800000, 0x0000000708800000, 0x0000000708900000|  0%| F|  |TAMS 0x0000000708800000, 0x0000000708800000| Untracked 
|  35|0x0000000708900000, 0x0000000708900000, 0x0000000708a00000|  0%| F|  |TAMS 0x0000000708900000, 0x0000000708900000| Untracked 
|  36|0x0000000708a00000, 0x0000000708a00000, 0x0000000708b00000|  0%| F|  |TAMS 0x0000000708a00000, 0x0000000708a00000| Untracked 
|  37|0x0000000708b00000, 0x0000000708b00000, 0x0000000708c00000|  0%| F|  |TAMS 0x0000000708b00000, 0x0000000708b00000| Untracked 
|  38|0x0000000708c00000, 0x0000000708c00000, 0x0000000708d00000|  0%| F|  |TAMS 0x0000000708c00000, 0x0000000708c00000| Untracked 
|  39|0x0000000708d00000, 0x0000000708d00000, 0x0000000708e00000|  0%| F|  |TAMS 0x0000000708d00000, 0x0000000708d00000| Untracked 
|  40|0x0000000708e00000, 0x0000000708e00000, 0x0000000708f00000|  0%| F|  |TAMS 0x0000000708e00000, 0x0000000708e00000| Untracked 
|  41|0x0000000708f00000, 0x0000000708f00000, 0x0000000709000000|  0%| F|  |TAMS 0x0000000708f00000, 0x0000000708f00000| Untracked 
|  42|0x0000000709000000, 0x0000000709000000, 0x0000000709100000|  0%| F|  |TAMS 0x0000000709000000, 0x0000000709000000| Untracked 
|  43|0x0000000709100000, 0x0000000709100000, 0x0000000709200000|  0%| F|  |TAMS 0x0000000709100000, 0x0000000709100000| Untracked 
|  44|0x0000000709200000, 0x0000000709200000, 0x0000000709300000|  0%| F|  |TAMS 0x0000000709200000, 0x0000000709200000| Untracked 
|  45|0x0000000709300000, 0x0000000709300000, 0x0000000709400000|  0%| F|  |TAMS 0x0000000709300000, 0x0000000709300000| Untracked 
|  46|0x0000000709400000, 0x0000000709400000, 0x0000000709500000|  0%| F|  |TAMS 0x0000000709400000, 0x0000000709400000| Untracked 
|  47|0x0000000709500000, 0x0000000709500000, 0x0000000709600000|  0%| F|  |TAMS 0x0000000709500000, 0x0000000709500000| Untracked 
|  48|0x0000000709600000, 0x0000000709600000, 0x0000000709700000|  0%| F|  |TAMS 0x0000000709600000, 0x0000000709600000| Untracked 
|  49|0x0000000709700000, 0x0000000709700000, 0x0000000709800000|  0%| F|  |TAMS 0x0000000709700000, 0x0000000709700000| Untracked 
|  50|0x0000000709800000, 0x0000000709800000, 0x0000000709900000|  0%| F|  |TAMS 0x0000000709800000, 0x0000000709800000| Untracked 
|  51|0x0000000709900000, 0x0000000709900000, 0x0000000709a00000|  0%| F|  |TAMS 0x0000000709900000, 0x0000000709900000| Untracked 
|  52|0x0000000709a00000, 0x0000000709a00000, 0x0000000709b00000|  0%| F|  |TAMS 0x0000000709a00000, 0x0000000709a00000| Untracked 
|  53|0x0000000709b00000, 0x0000000709b00000, 0x0000000709c00000|  0%| F|  |TAMS 0x0000000709b00000, 0x0000000709b00000| Untracked 
|  54|0x0000000709c00000, 0x0000000709c00000, 0x0000000709d00000|  0%| F|  |TAMS 0x0000000709c00000, 0x0000000709c00000| Untracked 
|  55|0x0000000709d00000, 0x0000000709d00000, 0x0000000709e00000|  0%| F|  |TAMS 0x0000000709d00000, 0x0000000709d00000| Untracked 
|  56|0x0000000709e00000, 0x0000000709e00000, 0x0000000709f00000|  0%| F|  |TAMS 0x0000000709e00000, 0x0000000709e00000| Untracked 
|  57|0x0000000709f00000, 0x0000000709f00000, 0x000000070a000000|  0%| F|  |TAMS 0x0000000709f00000, 0x0000000709f00000| Untracked 
|  58|0x000000070a000000, 0x000000070a000000, 0x000000070a100000|  0%| F|  |TAMS 0x000000070a000000, 0x000000070a000000| Untracked 
|  59|0x000000070a100000, 0x000000070a100000, 0x000000070a200000|  0%| F|  |TAMS 0x000000070a100000, 0x000000070a100000| Untracked 
|  60|0x000000070a200000, 0x000000070a200000, 0x000000070a300000|  0%| F|  |TAMS 0x000000070a200000, 0x000000070a200000| Untracked 
|  61|0x000000070a300000, 0x000000070a300000, 0x000000070a400000|  0%| F|  |TAMS 0x000000070a300000, 0x000000070a300000| Untracked 
|  62|0x000000070a400000, 0x000000070a400000, 0x000000070a500000|  0%| F|  |TAMS 0x000000070a400000, 0x000000070a400000| Untracked 
|  63|0x000000070a500000, 0x000000070a500000, 0x000000070a600000|  0%| F|  |TAMS 0x000000070a500000, 0x000000070a500000| Untracked 
|  64|0x000000070a600000, 0x000000070a600000, 0x000000070a700000|  0%| F|  |TAMS 0x000000070a600000, 0x000000070a600000| Untracked 
|  65|0x000000070a700000, 0x000000070a700000, 0x000000070a800000|  0%| F|  |TAMS 0x000000070a700000, 0x000000070a700000| Untracked 
|  66|0x000000070a800000, 0x000000070a800000, 0x000000070a900000|  0%| F|  |TAMS 0x000000070a800000, 0x000000070a800000| Untracked 
|  67|0x000000070a900000, 0x000000070a900000, 0x000000070aa00000|  0%| F|  |TAMS 0x000000070a900000, 0x000000070a900000| Untracked 
|  68|0x000000070aa00000, 0x000000070aa00000, 0x000000070ab00000|  0%| F|  |TAMS 0x000000070aa00000, 0x000000070aa00000| Untracked 
|  69|0x000000070ab00000, 0x000000070ab00000, 0x000000070ac00000|  0%| F|  |TAMS 0x000000070ab00000, 0x000000070ab00000| Untracked 
|  70|0x000000070ac00000, 0x000000070ac00000, 0x000000070ad00000|  0%| F|  |TAMS 0x000000070ac00000, 0x000000070ac00000| Untracked 
|  71|0x000000070ad00000, 0x000000070ad00000, 0x000000070ae00000|  0%| F|  |TAMS 0x000000070ad00000, 0x000000070ad00000| Untracked 
|  72|0x000000070ae00000, 0x000000070ae00000, 0x000000070af00000|  0%| F|  |TAMS 0x000000070ae00000, 0x000000070ae00000| Untracked 
|  73|0x000000070af00000, 0x000000070af00000, 0x000000070b000000|  0%| F|  |TAMS 0x000000070af00000, 0x000000070af00000| Untracked 
|  74|0x000000070b000000, 0x000000070b000000, 0x000000070b100000|  0%| F|  |TAMS 0x000000070b000000, 0x000000070b000000| Untracked 
|  75|0x000000070b100000, 0x000000070b100000, 0x000000070b200000|  0%| F|  |TAMS 0x000000070b100000, 0x000000070b100000| Untracked 
|  76|0x000000070b200000, 0x000000070b200000, 0x000000070b300000|  0%| F|  |TAMS 0x000000070b200000, 0x000000070b200000| Untracked 
|  77|0x000000070b300000, 0x000000070b300000, 0x000000070b400000|  0%| F|  |TAMS 0x000000070b300000, 0x000000070b300000| Untracked 
|  78|0x000000070b400000, 0x000000070b400000, 0x000000070b500000|  0%| F|  |TAMS 0x000000070b400000, 0x000000070b400000| Untracked 
|  79|0x000000070b500000, 0x000000070b500000, 0x000000070b600000|  0%| F|  |TAMS 0x000000070b500000, 0x000000070b500000| Untracked 
|  80|0x000000070b600000, 0x000000070b600000, 0x000000070b700000|  0%| F|  |TAMS 0x000000070b600000, 0x000000070b600000| Untracked 
|  81|0x000000070b700000, 0x000000070b700000, 0x000000070b800000|  0%| F|  |TAMS 0x000000070b700000, 0x000000070b700000| Untracked 
|  82|0x000000070b800000, 0x000000070b800000, 0x000000070b900000|  0%| F|  |TAMS 0x000000070b800000, 0x000000070b800000| Untracked 
|  83|0x000000070b900000, 0x000000070b900000, 0x000000070ba00000|  0%| F|  |TAMS 0x000000070b900000, 0x000000070b900000| Untracked 
|  84|0x000000070ba00000, 0x000000070ba00000, 0x000000070bb00000|  0%| F|  |TAMS 0x000000070ba00000, 0x000000070ba00000| Untracked 
|  85|0x000000070bb00000, 0x000000070bb00000, 0x000000070bc00000|  0%| F|  |TAMS 0x000000070bb00000, 0x000000070bb00000| Untracked 
|  86|0x000000070bc00000, 0x000000070bc00000, 0x000000070bd00000|  0%| F|  |TAMS 0x000000070bc00000, 0x000000070bc00000| Untracked 
|  87|0x000000070bd00000, 0x000000070bd00000, 0x000000070be00000|  0%| F|  |TAMS 0x000000070bd00000, 0x000000070bd00000| Untracked 
|  88|0x000000070be00000, 0x000000070be00000, 0x000000070bf00000|  0%| F|  |TAMS 0x000000070be00000, 0x000000070be00000| Untracked 
|  89|0x000000070bf00000, 0x000000070bf00000, 0x000000070c000000|  0%| F|  |TAMS 0x000000070bf00000, 0x000000070bf00000| Untracked 
|  90|0x000000070c000000, 0x000000070c000000, 0x000000070c100000|  0%| F|  |TAMS 0x000000070c000000, 0x000000070c000000| Untracked 
|  91|0x000000070c100000, 0x000000070c100000, 0x000000070c200000|  0%| F|  |TAMS 0x000000070c100000, 0x000000070c100000| Untracked 
|  92|0x000000070c200000, 0x000000070c200000, 0x000000070c300000|  0%| F|  |TAMS 0x000000070c200000, 0x000000070c200000| Untracked 
|  93|0x000000070c300000, 0x000000070c300000, 0x000000070c400000|  0%| F|  |TAMS 0x000000070c300000, 0x000000070c300000| Untracked 
|  94|0x000000070c400000, 0x000000070c400000, 0x000000070c500000|  0%| F|  |TAMS 0x000000070c400000, 0x000000070c400000| Untracked 
|  95|0x000000070c500000, 0x000000070c500000, 0x000000070c600000|  0%| F|  |TAMS 0x000000070c500000, 0x000000070c500000| Untracked 
|  96|0x000000070c600000, 0x000000070c600000, 0x000000070c700000|  0%| F|  |TAMS 0x000000070c600000, 0x000000070c600000| Untracked 
|  97|0x000000070c700000, 0x000000070c700000, 0x000000070c800000|  0%| F|  |TAMS 0x000000070c700000, 0x000000070c700000| Untracked 
|  98|0x000000070c800000, 0x000000070c800000, 0x000000070c900000|  0%| F|  |TAMS 0x000000070c800000, 0x000000070c800000| Untracked 
|  99|0x000000070c900000, 0x000000070c900000, 0x000000070ca00000|  0%| F|  |TAMS 0x000000070c900000, 0x000000070c900000| Untracked 
| 100|0x000000070ca00000, 0x000000070ca00000, 0x000000070cb00000|  0%| F|  |TAMS 0x000000070ca00000, 0x000000070ca00000| Untracked 
| 101|0x000000070cb00000, 0x000000070cb00000, 0x000000070cc00000|  0%| F|  |TAMS 0x000000070cb00000, 0x000000070cb00000| Untracked 
| 102|0x000000070cc00000, 0x000000070cc00000, 0x000000070cd00000|  0%| F|  |TAMS 0x000000070cc00000, 0x000000070cc00000| Untracked 
| 103|0x000000070cd00000, 0x000000070cd00000, 0x000000070ce00000|  0%| F|  |TAMS 0x000000070cd00000, 0x000000070cd00000| Untracked 
| 104|0x000000070ce00000, 0x000000070ce00000, 0x000000070cf00000|  0%| F|  |TAMS 0x000000070ce00000, 0x000000070ce00000| Untracked 
| 105|0x000000070cf00000, 0x000000070cf00000, 0x000000070d000000|  0%| F|  |TAMS 0x000000070cf00000, 0x000000070cf00000| Untracked 
| 106|0x000000070d000000, 0x000000070d000000, 0x000000070d100000|  0%| F|  |TAMS 0x000000070d000000, 0x000000070d000000| Untracked 
| 107|0x000000070d100000, 0x000000070d100000, 0x000000070d200000|  0%| F|  |TAMS 0x000000070d100000, 0x000000070d100000| Untracked 
| 108|0x000000070d200000, 0x000000070d200000, 0x000000070d300000|  0%| F|  |TAMS 0x000000070d200000, 0x000000070d200000| Untracked 
| 109|0x000000070d300000, 0x000000070d300000, 0x000000070d400000|  0%| F|  |TAMS 0x000000070d300000, 0x000000070d300000| Untracked 
| 110|0x000000070d400000, 0x000000070d400000, 0x000000070d500000|  0%| F|  |TAMS 0x000000070d400000, 0x000000070d400000| Untracked 
| 111|0x000000070d500000, 0x000000070d500000, 0x000000070d600000|  0%| F|  |TAMS 0x000000070d500000, 0x000000070d500000| Untracked 
| 112|0x000000070d600000, 0x000000070d600000, 0x000000070d700000|  0%| F|  |TAMS 0x000000070d600000, 0x000000070d600000| Untracked 
| 113|0x000000070d700000, 0x000000070d700000, 0x000000070d800000|  0%| F|  |TAMS 0x000000070d700000, 0x000000070d700000| Untracked 
| 114|0x000000070d800000, 0x000000070d800000, 0x000000070d900000|  0%| F|  |TAMS 0x000000070d800000, 0x000000070d800000| Untracked 
| 115|0x000000070d900000, 0x000000070d900000, 0x000000070da00000|  0%| F|  |TAMS 0x000000070d900000, 0x000000070d900000| Untracked 
| 116|0x000000070da00000, 0x000000070da00000, 0x000000070db00000|  0%| F|  |TAMS 0x000000070da00000, 0x000000070da00000| Untracked 
| 117|0x000000070db00000, 0x000000070db00000, 0x000000070dc00000|  0%| F|  |TAMS 0x000000070db00000, 0x000000070db00000| Untracked 
| 118|0x000000070dc00000, 0x000000070dc00000, 0x000000070dd00000|  0%| F|  |TAMS 0x000000070dc00000, 0x000000070dc00000| Untracked 
| 119|0x000000070dd00000, 0x000000070dd00000, 0x000000070de00000|  0%| F|  |TAMS 0x000000070dd00000, 0x000000070dd00000| Untracked 
| 120|0x000000070de00000, 0x000000070de00000, 0x000000070df00000|  0%| F|  |TAMS 0x000000070de00000, 0x000000070de00000| Untracked 
| 121|0x000000070df00000, 0x000000070df00000, 0x000000070e000000|  0%| F|  |TAMS 0x000000070df00000, 0x000000070df00000| Untracked 
| 122|0x000000070e000000, 0x000000070e000000, 0x000000070e100000|  0%| F|  |TAMS 0x000000070e000000, 0x000000070e000000| Untracked 
| 123|0x000000070e100000, 0x000000070e100000, 0x000000070e200000|  0%| F|  |TAMS 0x000000070e100000, 0x000000070e100000| Untracked 
| 124|0x000000070e200000, 0x000000070e200000, 0x000000070e300000|  0%| F|  |TAMS 0x000000070e200000, 0x000000070e200000| Untracked 
| 125|0x000000070e300000, 0x000000070e300000, 0x000000070e400000|  0%| F|  |TAMS 0x000000070e300000, 0x000000070e300000| Untracked 
| 126|0x000000070e400000, 0x000000070e400000, 0x000000070e500000|  0%| F|  |TAMS 0x000000070e400000, 0x000000070e400000| Untracked 
| 127|0x000000070e500000, 0x000000070e500000, 0x000000070e600000|  0%| F|  |TAMS 0x000000070e500000, 0x000000070e500000| Untracked 
| 128|0x000000070e600000, 0x000000070e600000, 0x000000070e700000|  0%| F|  |TAMS 0x000000070e600000, 0x000000070e600000| Untracked 
| 129|0x000000070e700000, 0x000000070e700000, 0x000000070e800000|  0%| F|  |TAMS 0x000000070e700000, 0x000000070e700000| Untracked 
| 130|0x000000070e800000, 0x000000070e800000, 0x000000070e900000|  0%| F|  |TAMS 0x000000070e800000, 0x000000070e800000| Untracked 
| 131|0x000000070e900000, 0x000000070e900000, 0x000000070ea00000|  0%| F|  |TAMS 0x000000070e900000, 0x000000070e900000| Untracked 
| 132|0x000000070ea00000, 0x000000070ea00000, 0x000000070eb00000|  0%| F|  |TAMS 0x000000070ea00000, 0x000000070ea00000| Untracked 
| 133|0x000000070eb00000, 0x000000070eb00000, 0x000000070ec00000|  0%| F|  |TAMS 0x000000070eb00000, 0x000000070eb00000| Untracked 
| 134|0x000000070ec00000, 0x000000070ec00000, 0x000000070ed00000|  0%| F|  |TAMS 0x000000070ec00000, 0x000000070ec00000| Untracked 
| 135|0x000000070ed00000, 0x000000070ed00000, 0x000000070ee00000|  0%| F|  |TAMS 0x000000070ed00000, 0x000000070ed00000| Untracked 
| 136|0x000000070ee00000, 0x000000070ee00000, 0x000000070ef00000|  0%| F|  |TAMS 0x000000070ee00000, 0x000000070ee00000| Untracked 
| 137|0x000000070ef00000, 0x000000070ef00000, 0x000000070f000000|  0%| F|  |TAMS 0x000000070ef00000, 0x000000070ef00000| Untracked 
| 138|0x000000070f000000, 0x000000070f000000, 0x000000070f100000|  0%| F|  |TAMS 0x000000070f000000, 0x000000070f000000| Untracked 
| 139|0x000000070f100000, 0x000000070f100000, 0x000000070f200000|  0%| F|  |TAMS 0x000000070f100000, 0x000000070f100000| Untracked 
| 140|0x000000070f200000, 0x000000070f200000, 0x000000070f300000|  0%| F|  |TAMS 0x000000070f200000, 0x000000070f200000| Untracked 
| 141|0x000000070f300000, 0x000000070f300000, 0x000000070f400000|  0%| F|  |TAMS 0x000000070f300000, 0x000000070f300000| Untracked 
| 142|0x000000070f400000, 0x000000070f400000, 0x000000070f500000|  0%| F|  |TAMS 0x000000070f400000, 0x000000070f400000| Untracked 
| 143|0x000000070f500000, 0x000000070f500000, 0x000000070f600000|  0%| F|  |TAMS 0x000000070f500000, 0x000000070f500000| Untracked 
| 144|0x000000070f600000, 0x000000070f600000, 0x000000070f700000|  0%| F|  |TAMS 0x000000070f600000, 0x000000070f600000| Untracked 
| 145|0x000000070f700000, 0x000000070f700000, 0x000000070f800000|  0%| F|  |TAMS 0x000000070f700000, 0x000000070f700000| Untracked 
| 146|0x000000070f800000, 0x000000070f800000, 0x000000070f900000|  0%| F|  |TAMS 0x000000070f800000, 0x000000070f800000| Untracked 
| 147|0x000000070f900000, 0x000000070f900000, 0x000000070fa00000|  0%| F|  |TAMS 0x000000070f900000, 0x000000070f900000| Untracked 
| 148|0x000000070fa00000, 0x000000070fa00000, 0x000000070fb00000|  0%| F|  |TAMS 0x000000070fa00000, 0x000000070fa00000| Untracked 
| 149|0x000000070fb00000, 0x000000070fb00000, 0x000000070fc00000|  0%| F|  |TAMS 0x000000070fb00000, 0x000000070fb00000| Untracked 
| 150|0x000000070fc00000, 0x000000070fc00000, 0x000000070fd00000|  0%| F|  |TAMS 0x000000070fc00000, 0x000000070fc00000| Untracked 
| 151|0x000000070fd00000, 0x000000070fd00000, 0x000000070fe00000|  0%| F|  |TAMS 0x000000070fd00000, 0x000000070fd00000| Untracked 
| 152|0x000000070fe00000, 0x000000070fe00000, 0x000000070ff00000|  0%| F|  |TAMS 0x000000070fe00000, 0x000000070fe00000| Untracked 
| 153|0x000000070ff00000, 0x000000070ff00000, 0x0000000710000000|  0%| F|  |TAMS 0x000000070ff00000, 0x000000070ff00000| Untracked 
| 154|0x0000000710000000, 0x0000000710000000, 0x0000000710100000|  0%| F|  |TAMS 0x0000000710000000, 0x0000000710000000| Untracked 
| 155|0x0000000710100000, 0x0000000710100000, 0x0000000710200000|  0%| F|  |TAMS 0x0000000710100000, 0x0000000710100000| Untracked 
| 156|0x0000000710200000, 0x0000000710200000, 0x0000000710300000|  0%| F|  |TAMS 0x0000000710200000, 0x0000000710200000| Untracked 
| 157|0x0000000710300000, 0x0000000710300000, 0x0000000710400000|  0%| F|  |TAMS 0x0000000710300000, 0x0000000710300000| Untracked 
| 158|0x0000000710400000, 0x0000000710400000, 0x0000000710500000|  0%| F|  |TAMS 0x0000000710400000, 0x0000000710400000| Untracked 
| 159|0x0000000710500000, 0x0000000710500000, 0x0000000710600000|  0%| F|  |TAMS 0x0000000710500000, 0x0000000710500000| Untracked 
| 160|0x0000000710600000, 0x0000000710600000, 0x0000000710700000|  0%| F|  |TAMS 0x0000000710600000, 0x0000000710600000| Untracked 
| 161|0x0000000710700000, 0x0000000710700000, 0x0000000710800000|  0%| F|  |TAMS 0x0000000710700000, 0x0000000710700000| Untracked 
| 162|0x0000000710800000, 0x0000000710800000, 0x0000000710900000|  0%| F|  |TAMS 0x0000000710800000, 0x0000000710800000| Untracked 
| 163|0x0000000710900000, 0x0000000710900000, 0x0000000710a00000|  0%| F|  |TAMS 0x0000000710900000, 0x0000000710900000| Untracked 
| 164|0x0000000710a00000, 0x0000000710a00000, 0x0000000710b00000|  0%| F|  |TAMS 0x0000000710a00000, 0x0000000710a00000| Untracked 
| 165|0x0000000710b00000, 0x0000000710b00000, 0x0000000710c00000|  0%| F|  |TAMS 0x0000000710b00000, 0x0000000710b00000| Untracked 
| 166|0x0000000710c00000, 0x0000000710c00000, 0x0000000710d00000|  0%| F|  |TAMS 0x0000000710c00000, 0x0000000710c00000| Untracked 
| 167|0x0000000710d00000, 0x0000000710d00000, 0x0000000710e00000|  0%| F|  |TAMS 0x0000000710d00000, 0x0000000710d00000| Untracked 
| 168|0x0000000710e00000, 0x0000000710e00000, 0x0000000710f00000|  0%| F|  |TAMS 0x0000000710e00000, 0x0000000710e00000| Untracked 
| 169|0x0000000710f00000, 0x0000000710f00000, 0x0000000711000000|  0%| F|  |TAMS 0x0000000710f00000, 0x0000000710f00000| Untracked 
| 170|0x0000000711000000, 0x0000000711000000, 0x0000000711100000|  0%| F|  |TAMS 0x0000000711000000, 0x0000000711000000| Untracked 
| 171|0x0000000711100000, 0x0000000711100000, 0x0000000711200000|  0%| F|  |TAMS 0x0000000711100000, 0x0000000711100000| Untracked 
| 172|0x0000000711200000, 0x0000000711200000, 0x0000000711300000|  0%| F|  |TAMS 0x0000000711200000, 0x0000000711200000| Untracked 
| 173|0x0000000711300000, 0x0000000711300000, 0x0000000711400000|  0%| F|  |TAMS 0x0000000711300000, 0x0000000711300000| Untracked 
| 174|0x0000000711400000, 0x0000000711400000, 0x0000000711500000|  0%| F|  |TAMS 0x0000000711400000, 0x0000000711400000| Untracked 
| 175|0x0000000711500000, 0x0000000711500000, 0x0000000711600000|  0%| F|  |TAMS 0x0000000711500000, 0x0000000711500000| Untracked 
| 176|0x0000000711600000, 0x0000000711600000, 0x0000000711700000|  0%| F|  |TAMS 0x0000000711600000, 0x0000000711600000| Untracked 
| 177|0x0000000711700000, 0x0000000711700000, 0x0000000711800000|  0%| F|  |TAMS 0x0000000711700000, 0x0000000711700000| Untracked 
| 178|0x0000000711800000, 0x0000000711800000, 0x0000000711900000|  0%| F|  |TAMS 0x0000000711800000, 0x0000000711800000| Untracked 
| 179|0x0000000711900000, 0x0000000711900000, 0x0000000711a00000|  0%| F|  |TAMS 0x0000000711900000, 0x0000000711900000| Untracked 
| 180|0x0000000711a00000, 0x0000000711a00000, 0x0000000711b00000|  0%| F|  |TAMS 0x0000000711a00000, 0x0000000711a00000| Untracked 
| 181|0x0000000711b00000, 0x0000000711b00000, 0x0000000711c00000|  0%| F|  |TAMS 0x0000000711b00000, 0x0000000711b00000| Untracked 
| 182|0x0000000711c00000, 0x0000000711c00000, 0x0000000711d00000|  0%| F|  |TAMS 0x0000000711c00000, 0x0000000711c00000| Untracked 
| 183|0x0000000711d00000, 0x0000000711d00000, 0x0000000711e00000|  0%| F|  |TAMS 0x0000000711d00000, 0x0000000711d00000| Untracked 
| 184|0x0000000711e00000, 0x0000000711e00000, 0x0000000711f00000|  0%| F|  |TAMS 0x0000000711e00000, 0x0000000711e00000| Untracked 
| 185|0x0000000711f00000, 0x0000000711f00000, 0x0000000712000000|  0%| F|  |TAMS 0x0000000711f00000, 0x0000000711f00000| Untracked 
| 186|0x0000000712000000, 0x0000000712000000, 0x0000000712100000|  0%| F|  |TAMS 0x0000000712000000, 0x0000000712000000| Untracked 
| 187|0x0000000712100000, 0x0000000712100000, 0x0000000712200000|  0%| F|  |TAMS 0x0000000712100000, 0x0000000712100000| Untracked 
| 188|0x0000000712200000, 0x0000000712200000, 0x0000000712300000|  0%| F|  |TAMS 0x0000000712200000, 0x0000000712200000| Untracked 
| 189|0x0000000712300000, 0x0000000712300000, 0x0000000712400000|  0%| F|  |TAMS 0x0000000712300000, 0x0000000712300000| Untracked 
| 190|0x0000000712400000, 0x0000000712400000, 0x0000000712500000|  0%| F|  |TAMS 0x0000000712400000, 0x0000000712400000| Untracked 
| 191|0x0000000712500000, 0x0000000712500000, 0x0000000712600000|  0%| F|  |TAMS 0x0000000712500000, 0x0000000712500000| Untracked 
| 192|0x0000000712600000, 0x0000000712600000, 0x0000000712700000|  0%| F|  |TAMS 0x0000000712600000, 0x0000000712600000| Untracked 
| 193|0x0000000712700000, 0x0000000712700000, 0x0000000712800000|  0%| F|  |TAMS 0x0000000712700000, 0x0000000712700000| Untracked 
| 194|0x0000000712800000, 0x0000000712800000, 0x0000000712900000|  0%| F|  |TAMS 0x0000000712800000, 0x0000000712800000| Untracked 
| 195|0x0000000712900000, 0x0000000712900000, 0x0000000712a00000|  0%| F|  |TAMS 0x0000000712900000, 0x0000000712900000| Untracked 
| 196|0x0000000712a00000, 0x0000000712a00000, 0x0000000712b00000|  0%| F|  |TAMS 0x0000000712a00000, 0x0000000712a00000| Untracked 
| 197|0x0000000712b00000, 0x0000000712b00000, 0x0000000712c00000|  0%| F|  |TAMS 0x0000000712b00000, 0x0000000712b00000| Untracked 
| 198|0x0000000712c00000, 0x0000000712c00000, 0x0000000712d00000|  0%| F|  |TAMS 0x0000000712c00000, 0x0000000712c00000| Untracked 
| 199|0x0000000712d00000, 0x0000000712d00000, 0x0000000712e00000|  0%| F|  |TAMS 0x0000000712d00000, 0x0000000712d00000| Untracked 
| 200|0x0000000712e00000, 0x0000000712e00000, 0x0000000712f00000|  0%| F|  |TAMS 0x0000000712e00000, 0x0000000712e00000| Untracked 
| 201|0x0000000712f00000, 0x0000000712f00000, 0x0000000713000000|  0%| F|  |TAMS 0x0000000712f00000, 0x0000000712f00000| Untracked 
| 202|0x0000000713000000, 0x0000000713000000, 0x0000000713100000|  0%| F|  |TAMS 0x0000000713000000, 0x0000000713000000| Untracked 
| 203|0x0000000713100000, 0x0000000713100000, 0x0000000713200000|  0%| F|  |TAMS 0x0000000713100000, 0x0000000713100000| Untracked 
| 204|0x0000000713200000, 0x0000000713200000, 0x0000000713300000|  0%| F|  |TAMS 0x0000000713200000, 0x0000000713200000| Untracked 
| 205|0x0000000713300000, 0x0000000713300000, 0x0000000713400000|  0%| F|  |TAMS 0x0000000713300000, 0x0000000713300000| Untracked 
| 206|0x0000000713400000, 0x0000000713400000, 0x0000000713500000|  0%| F|  |TAMS 0x0000000713400000, 0x0000000713400000| Untracked 
| 207|0x0000000713500000, 0x0000000713500000, 0x0000000713600000|  0%| F|  |TAMS 0x0000000713500000, 0x0000000713500000| Untracked 
| 208|0x0000000713600000, 0x0000000713600000, 0x0000000713700000|  0%| F|  |TAMS 0x0000000713600000, 0x0000000713600000| Untracked 
| 209|0x0000000713700000, 0x0000000713700000, 0x0000000713800000|  0%| F|  |TAMS 0x0000000713700000, 0x0000000713700000| Untracked 
| 210|0x0000000713800000, 0x0000000713800000, 0x0000000713900000|  0%| F|  |TAMS 0x0000000713800000, 0x0000000713800000| Untracked 
| 211|0x0000000713900000, 0x0000000713900000, 0x0000000713a00000|  0%| F|  |TAMS 0x0000000713900000, 0x0000000713900000| Untracked 
| 212|0x0000000713a00000, 0x0000000713a00000, 0x0000000713b00000|  0%| F|  |TAMS 0x0000000713a00000, 0x0000000713a00000| Untracked 
| 213|0x0000000713b00000, 0x0000000713b00000, 0x0000000713c00000|  0%| F|  |TAMS 0x0000000713b00000, 0x0000000713b00000| Untracked 
| 214|0x0000000713c00000, 0x0000000713c00000, 0x0000000713d00000|  0%| F|  |TAMS 0x0000000713c00000, 0x0000000713c00000| Untracked 
| 215|0x0000000713d00000, 0x0000000713d00000, 0x0000000713e00000|  0%| F|  |TAMS 0x0000000713d00000, 0x0000000713d00000| Untracked 
| 216|0x0000000713e00000, 0x0000000713e2a4d0, 0x0000000713f00000| 16%| E|  |TAMS 0x0000000713e00000, 0x0000000713e00000| Complete 
| 217|0x0000000713f00000, 0x0000000714000000, 0x0000000714000000|100%| E|CS|TAMS 0x0000000713f00000, 0x0000000713f00000| Complete 
| 218|0x0000000714000000, 0x0000000714100000, 0x0000000714100000|100%| E|CS|TAMS 0x0000000714000000, 0x0000000714000000| Complete 
| 219|0x0000000714100000, 0x0000000714200000, 0x0000000714200000|100%| E|CS|TAMS 0x0000000714100000, 0x0000000714100000| Complete 
| 220|0x0000000714200000, 0x0000000714300000, 0x0000000714300000|100%| E|CS|TAMS 0x0000000714200000, 0x0000000714200000| Complete 
| 221|0x0000000714300000, 0x0000000714400000, 0x0000000714400000|100%| E|CS|TAMS 0x0000000714300000, 0x0000000714300000| Complete 
| 222|0x0000000714400000, 0x0000000714500000, 0x0000000714500000|100%| E|CS|TAMS 0x0000000714400000, 0x0000000714400000| Complete 
| 223|0x0000000714500000, 0x0000000714600000, 0x0000000714600000|100%| E|CS|TAMS 0x0000000714500000, 0x0000000714500000| Complete 
| 224|0x0000000714600000, 0x0000000714700000, 0x0000000714700000|100%| E|CS|TAMS 0x0000000714600000, 0x0000000714600000| Complete 
| 225|0x0000000714700000, 0x0000000714800000, 0x0000000714800000|100%| E|  |TAMS 0x0000000714700000, 0x0000000714700000| Complete 
| 226|0x0000000714800000, 0x0000000714900000, 0x0000000714900000|100%| E|CS|TAMS 0x0000000714800000, 0x0000000714800000| Complete 
| 227|0x0000000714900000, 0x0000000714a00000, 0x0000000714a00000|100%| E|CS|TAMS 0x0000000714900000, 0x0000000714900000| Complete 
| 228|0x0000000714a00000, 0x0000000714b00000, 0x0000000714b00000|100%| E|CS|TAMS 0x0000000714a00000, 0x0000000714a00000| Complete 
| 229|0x0000000714b00000, 0x0000000714c00000, 0x0000000714c00000|100%| E|CS|TAMS 0x0000000714b00000, 0x0000000714b00000| Complete 
| 230|0x0000000714c00000, 0x0000000714d00000, 0x0000000714d00000|100%| E|CS|TAMS 0x0000000714c00000, 0x0000000714c00000| Complete 
| 231|0x0000000714d00000, 0x0000000714e00000, 0x0000000714e00000|100%| E|CS|TAMS 0x0000000714d00000, 0x0000000714d00000| Complete 
| 232|0x0000000714e00000, 0x0000000714ea8930, 0x0000000714f00000| 65%| S|CS|TAMS 0x0000000714e00000, 0x0000000714e00000| Complete 
| 233|0x0000000714f00000, 0x0000000715000000, 0x0000000715000000|100%| S|CS|TAMS 0x0000000714f00000, 0x0000000714f00000| Complete 
| 234|0x0000000715000000, 0x0000000715100000, 0x0000000715100000|100%| S|CS|TAMS 0x0000000715000000, 0x0000000715000000| Complete 
| 235|0x0000000715100000, 0x0000000715200000, 0x0000000715200000|100%| S|CS|TAMS 0x0000000715100000, 0x0000000715100000| Complete 
| 236|0x0000000715200000, 0x0000000715300000, 0x0000000715300000|100%| S|CS|TAMS 0x0000000715200000, 0x0000000715200000| Complete 
| 237|0x0000000715300000, 0x0000000715400000, 0x0000000715400000|100%| E|CS|TAMS 0x0000000715300000, 0x0000000715300000| Complete 
| 238|0x0000000715400000, 0x0000000715500000, 0x0000000715500000|100%| E|CS|TAMS 0x0000000715400000, 0x0000000715400000| Complete 
| 239|0x0000000715500000, 0x0000000715600000, 0x0000000715600000|100%| E|CS|TAMS 0x0000000715500000, 0x0000000715500000| Complete 
| 240|0x0000000715600000, 0x0000000715700000, 0x0000000715700000|100%| E|CS|TAMS 0x0000000715600000, 0x0000000715600000| Complete 
| 241|0x0000000715700000, 0x0000000715800000, 0x0000000715800000|100%| E|CS|TAMS 0x0000000715700000, 0x0000000715700000| Complete 
| 242|0x0000000715800000, 0x0000000715900000, 0x0000000715900000|100%| E|CS|TAMS 0x0000000715800000, 0x0000000715800000| Complete 
| 243|0x0000000715900000, 0x0000000715a00000, 0x0000000715a00000|100%| E|CS|TAMS 0x0000000715900000, 0x0000000715900000| Complete 
| 244|0x0000000715a00000, 0x0000000715b00000, 0x0000000715b00000|100%| E|CS|TAMS 0x0000000715a00000, 0x0000000715a00000| Complete 
| 245|0x0000000715b00000, 0x0000000715c00000, 0x0000000715c00000|100%| E|CS|TAMS 0x0000000715b00000, 0x0000000715b00000| Complete 
| 246|0x0000000715c00000, 0x0000000715d00000, 0x0000000715d00000|100%| E|CS|TAMS 0x0000000715c00000, 0x0000000715c00000| Complete 
| 247|0x0000000715d00000, 0x0000000715e00000, 0x0000000715e00000|100%| E|CS|TAMS 0x0000000715d00000, 0x0000000715d00000| Complete 
| 248|0x0000000715e00000, 0x0000000715f00000, 0x0000000715f00000|100%| E|CS|TAMS 0x0000000715e00000, 0x0000000715e00000| Complete 
| 249|0x0000000715f00000, 0x0000000716000000, 0x0000000716000000|100%| E|CS|TAMS 0x0000000715f00000, 0x0000000715f00000| Complete 

Card table byte_map: [0x000001227a640000,0x000001227ae10000] _byte_map_base: 0x0000012276e0d000

Marking Bits (Prev, Next): (CMBitMap*) 0x0000012279ac9bc0, (CMBitMap*) 0x0000012279ac9b88
 Prev Bits: [0x0000012216600000, 0x000001221a468000)
 Next Bits: [0x000001227b5e0000, 0x000001227f448000)

Polling page: 0x0000012279240000

Metaspace:

Usage:
  Non-class:     20.08 MB capacity,    19.87 MB ( 99%) used,   169.56 KB ( <1%) free+waste,    50.81 KB ( <1%) overhead. 
      Class:      2.12 MB capacity,     1.91 MB ( 90%) used,   188.95 KB (  9%) free+waste,    25.38 KB (  1%) overhead. 
       Both:     22.20 MB capacity,    21.78 MB ( 98%) used,   358.52 KB (  2%) free+waste,    76.19 KB ( <1%) overhead. 

Virtual space:
  Non-class space:       22.00 MB reserved,      20.17 MB ( 92%) committed 
      Class space:        1.00 GB reserved,       2.12 MB ( <1%) committed 
             Both:        1.02 GB reserved,      22.30 MB (  2%) committed 

Chunk freelists:
   Non-Class:  11.62 KB
       Class:  384 bytes
        Both:  12.00 KB

CodeHeap 'non-profiled nmethods': size=120000Kb used=522Kb max_used=522Kb free=119477Kb
 bounds [0x000001220f0d0000, 0x000001220f340000, 0x0000012216600000]
CodeHeap 'profiled nmethods': size=120000Kb used=2911Kb max_used=2911Kb free=117088Kb
 bounds [0x0000012207ba0000, 0x0000012207e80000, 0x000001220f0d0000]
CodeHeap 'non-nmethods': size=5760Kb used=1489Kb max_used=1513Kb free=4270Kb
 bounds [0x0000012207600000, 0x0000012207870000, 0x0000012207ba0000]
 total_blobs=2422 nmethods=1446 adapters=888
 compilation: enabled
              stopped_count=0, restarted_count=0
 full_count=0

Compilation events (10 events):
Event: 6.224 Thread 0x000001221fc87000 1450       4       java.lang.Integer::parseInt (259 bytes)
Event: 6.226 Thread 0x000001221cd63000 1451       3       a4.ImportedModel$ModelImporter::parseOBJ (547 bytes)
Event: 6.240 Thread 0x000001221fc87000 nmethod 1450 0x000001220f151610 code [0x000001220f1517e0, 0x000001220f151c28]
Event: 6.240 Thread 0x000001221fc87000 1452       4       java.lang.Integer::valueOf (32 bytes)
Event: 6.243 Thread 0x000001221fc87000 nmethod 1452 0x000001220f152110 code [0x000001220f1522a0, 0x000001220f152378]
Event: 6.243 Thread 0x000001221fc87000 1433       4       java.io.BufferedReader::readLine (6 bytes)
Event: 6.244 Thread 0x000001221fc87000 nmethod 1433 0x000001220f152410 code [0x000001220f1525a0, 0x000001220f152628]
Event: 6.246 Thread 0x000001221cd63000 nmethod 1451 0x0000012207e6b810 code [0x0000012207e6c4a0, 0x0000012207e74648]
Event: 6.272 Thread 0x000001221fc87000 1453       4       java.lang.String::checkBoundsOffCount (61 bytes)
Event: 6.274 Thread 0x000001221fc87000 nmethod 1453 0x000001220f152710 code [0x000001220f152880, 0x000001220f152918]

GC Heap History (4 events):
Event: 4.355 GC heap before
{Heap before GC invocations=0 (full 0):
 garbage-first heap   total 256000K, used 24576K [0x0000000706600000, 0x0000000800000000)
  region size 1024K, 24 young (24576K), 0 survivors (0K)
 Metaspace       used 18004K, capacity 18363K, committed 18688K, reserved 1067008K
  class space    used 1586K, capacity 1759K, committed 1792K, reserved 1048576K
}
Event: 4.507 GC heap after
{Heap after GC invocations=1 (full 0):
 garbage-first heap   total 256000K, used 3074K [0x0000000706600000, 0x0000000800000000)
  region size 1024K, 3 young (3072K), 3 survivors (3072K)
 Metaspace       used 18004K, capacity 18363K, committed 18688K, reserved 1067008K
  class space    used 1586K, capacity 1759K, committed 1792K, reserved 1048576K
}
Event: 5.279 GC heap before
{Heap before GC invocations=1 (full 0):
 garbage-first heap   total 256000K, used 19458K [0x0000000706600000, 0x0000000800000000)
  region size 1024K, 16 young (16384K), 3 survivors (3072K)
 Metaspace       used 20684K, capacity 21095K, committed 21296K, reserved 1069056K
  class space    used 1890K, capacity 2076K, committed 2176K, reserved 1048576K
}
Event: 5.298 GC heap after
{Heap after GC invocations=2 (full 0):
 garbage-first heap   total 256000K, used 8868K [0x0000000706600000, 0x0000000800000000)
  region size 1024K, 5 young (5120K), 5 survivors (5120K)
 Metaspace       used 20684K, capacity 21095K, committed 21296K, reserved 1069056K
  class space    used 1890K, capacity 2076K, committed 2176K, reserved 1048576K
}

Deoptimization events (10 events):
Event: 5.278 Thread 0x000001222035b000 Uncommon trap: reason=unstable_if action=reinterpret pc=0x000001220f10d4b4 method=java.lang.AbstractStringBuilder.putStringAt(ILjava/lang/String;)V @ 8 c2
Event: 5.279 Thread 0x000001222035b000 Uncommon trap: reason=unstable_if action=reinterpret pc=0x000001220f11efa4 method=java.lang.AbstractStringBuilder.putStringAt(ILjava/lang/String;)V @ 8 c2
Event: 5.279 Thread 0x000001222035b000 Uncommon trap: reason=unstable_if action=reinterpret pc=0x000001220f106af0 method=java.lang.String.getBytes([BIB)V @ 5 c2
Event: 5.279 Thread 0x000001222035b000 Uncommon trap: reason=unstable_if action=reinterpret pc=0x000001220f11babc method=java.lang.AbstractStringBuilder.isLatin1()Z @ 10 c2
Event: 6.134 Thread 0x000001222035b000 Uncommon trap: reason=unstable_if action=reinterpret pc=0x000001220f143dc4 method=jdk.internal.math.FloatingDecimal.readJavaFormatString(Ljava/lang/String;)Ljdk/internal/math/FloatingDecimal$ASCIIToBinaryConverter; @ 235 c2
Event: 6.134 Thread 0x000001222035b000 Uncommon trap: reason=class_check action=maybe_recompile pc=0x000001220f145688 method=jdk.internal.math.FloatingDecimal.parseFloat(Ljava/lang/String;)F @ 4 c2
Event: 6.134 Thread 0x000001222035b000 Uncommon trap: reason=class_check action=maybe_recompile pc=0x000001220f145688 method=jdk.internal.math.FloatingDecimal.parseFloat(Ljava/lang/String;)F @ 4 c2
Event: 6.134 Thread 0x000001222035b000 Uncommon trap: reason=class_check action=maybe_recompile pc=0x000001220f145688 method=jdk.internal.math.FloatingDecimal.parseFloat(Ljava/lang/String;)F @ 4 c2
Event: 6.134 Thread 0x000001222035b000 Uncommon trap: reason=class_check action=maybe_recompile pc=0x000001220f145688 method=jdk.internal.math.FloatingDecimal.parseFloat(Ljava/lang/String;)F @ 4 c2
Event: 6.208 Thread 0x000001222035b000 Uncommon trap: reason=intrinsic_or_type_checked_inlining action=make_not_entrant pc=0x000001220f150378 method=java.util.ArrayList$SubList.toArray([Ljava/lang/Object;)[Ljava/lang/Object; @ 58 c2

Classes redefined (0 events):
No events

Internal exceptions (10 events):
Event: 2.225 Thread 0x0000012279a6a800 Exception <a 'java/lang/NoSuchMethodError'{0x00000007154a4408}: java.lang.invoke.DirectMethodHandle$Holder.invokeStatic(Ljava/lang/Object;J)Ljava/lang/Object;> (0x00000007154a4408) thrown at [./open/src/hotspot/share/interpreter/linkResolver.cpp, line 772
Event: 2.230 Thread 0x0000012279a6a800 Exception <a 'java/lang/NoSuchMethodError'{0x00000007154b2520}: java.lang.invoke.DirectMethodHandle$Holder.invokeStaticInit(Ljava/lang/Object;Ljava/lang/Object;JLjava/lang/Object;)Ljava/lang/Object;> (0x00000007154b2520) thrown at [./open/src/hotspot/shar
Event: 2.232 Thread 0x0000012279a6a800 Exception <a 'java/lang/NoSuchMethodError'{0x00000007154b83c8}: java.lang.invoke.DirectMethodHandle$Holder.invokeStatic(Ljava/lang/Object;Ljava/lang/Object;J)Ljava/lang/Object;> (0x00000007154b83c8) thrown at [./open/src/hotspot/share/interpreter/linkReso
Event: 2.233 Thread 0x0000012279a6a800 Exception <a 'java/lang/NoSuchMethodError'{0x00000007154be698}: java.lang.invoke.Invokers$Holder.linkToTargetMethod(Ljava/lang/Object;JLjava/lang/Object;)Ljava/lang/Object;> (0x00000007154be698) thrown at [./open/src/hotspot/share/interpreter/linkResolver
Event: 4.974 Thread 0x0000012279a6a800 Exception <a 'java/lang/NoSuchMethodError'{0x000000071571f9b8}: java.lang.invoke.DirectMethodHandle$Holder.invokeStaticInit(Ljava/lang/Object;)V> (0x000000071571f9b8) thrown at [./open/src/hotspot/share/interpreter/linkResolver.cpp, line 772]
Event: 5.027 Thread 0x0000012279a6a800 Exception <a 'java/lang/NoSuchMethodError'{0x00000007156e58f8}: java.lang.invoke.DirectMethodHandle$Holder.invokeStatic(Ljava/lang/Object;Ljava/lang/Object;Ljava/lang/Object;Ljava/lang/Object;Ljava/lang/Object;Ljava/lang/Object;Ljava/lang/Object;Ljava/lan
Event: 5.030 Thread 0x0000012279a6a800 Exception <a 'java/lang/NoSuchMethodError'{0x0000000715503fa8}: java.lang.invoke.DirectMethodHandle$Holder.invokeStatic(Ljava/lang/Object;Ljava/lang/Object;Ljava/lang/Object;Ljava/lang/Object;Ljava/lang/Object;Ljava/lang/Object;Ljava/lang/Object;Ljava/lan
Event: 5.032 Thread 0x0000012279a6a800 Exception <a 'java/lang/NoSuchMethodError'{0x0000000715522f38}: java.lang.invoke.DirectMethodHandle$Holder.invokeStatic(Ljava/lang/Object;Ljava/lang/Object;Ljava/lang/Object;Ljava/lang/Object;Ljava/lang/Object;Ljava/lang/Object;Ljava/lang/Object;Ljava/lan
Event: 5.033 Thread 0x0000012279a6a800 Exception <a 'java/lang/NoSuchMethodError'{0x000000071552ef90}: java.lang.invoke.Invokers$Holder.linkToTargetMethod(Ljava/lang/Object;ILjava/lang/Object;)Ljava/lang/Object;> (0x000000071552ef90) thrown at [./open/src/hotspot/share/interpreter/linkResolver
Event: 5.134 Thread 0x000001221d38e000 Exception <a 'java/lang/NoSuchMethodError'{0x0000000715789448}: java.lang.invoke.DirectMethodHandle$Holder.invokeVirtual(Ljava/lang/Object;Ljava/lang/Object;)V> (0x0000000715789448) thrown at [./open/src/hotspot/share/interpreter/linkResolver.cpp, line 77

Events (10 events):
Event: 6.278 loading class jogamp/opengl/egl/EGLDisplayUtil$1 done
Event: 6.278 Executing VM operation: RevokeBias
Event: 6.279 Executing VM operation: RevokeBias done
Event: 6.279 Thread 0x000001222079a000 Thread exited: 0x000001222079a000
Event: 6.280 Executing VM operation: RevokeBias
Event: 6.281 Executing VM operation: RevokeBias done
Event: 6.281 Thread 0x000001221d38e000 Thread exited: 0x000001221d38e000
Event: 6.319 Thread 0x0000012220964800 Thread exited: 0x0000012220964800
Event: 6.320 Thread 0x000001221cd4e800 Thread exited: 0x000001221cd4e800
Event: 6.320 Executing VM operation: Exit


Dynamic libraries:
0x00007ff7284e0000 - 0x00007ff7284f0000 	C:\Program Files\Java\jdk-11\bin\java.exe
0x00007ffd8e9b0000 - 0x00007ffd8ebc4000 	C:\WINDOWS\SYSTEM32\ntdll.dll
0x00007ffd8d350000 - 0x00007ffd8d412000 	C:\WINDOWS\System32\KERNEL32.DLL
0x00007ffd8c420000 - 0x00007ffd8c7bc000 	C:\WINDOWS\System32\KERNELBASE.dll
0x00007ffd8c300000 - 0x00007ffd8c411000 	C:\WINDOWS\System32\ucrtbase.dll
0x00007ffd83b50000 - 0x00007ffd83b68000 	C:\Program Files\Java\jdk-11\bin\jli.dll
0x00007ffd83b30000 - 0x00007ffd83b4b000 	C:\Program Files\Java\jdk-11\bin\VCRUNTIME140.dll
0x00007ffd8d170000 - 0x00007ffd8d21e000 	C:\WINDOWS\System32\ADVAPI32.dll
0x00007ffd8d060000 - 0x00007ffd8d107000 	C:\WINDOWS\System32\msvcrt.dll
0x00007ffd8c7c0000 - 0x00007ffd8c864000 	C:\WINDOWS\System32\sechost.dll
0x00007ffd8e550000 - 0x00007ffd8e667000 	C:\WINDOWS\System32\RPCRT4.dll
0x00007ffd8e6e0000 - 0x00007ffd8e88b000 	C:\WINDOWS\System32\USER32.dll
0x00007ffd6a9f0000 - 0x00007ffd6ac7e000 	C:\WINDOWS\WinSxS\amd64_microsoft.windows.common-controls_6595b64144ccf1df_6.0.22621.608_none_a9444ca7c10bb01d\COMCTL32.dll
0x00007ffd8be70000 - 0x00007ffd8be96000 	C:\WINDOWS\System32\win32u.dll
0x00007ffd8e0a0000 - 0x00007ffd8e0c9000 	C:\WINDOWS\System32\GDI32.dll
0x00007ffd8bea0000 - 0x00007ffd8bfb3000 	C:\WINDOWS\System32\gdi32full.dll
0x00007ffd8c030000 - 0x00007ffd8c0ca000 	C:\WINDOWS\System32\msvcp_win.dll
0x00007ffd790c0000 - 0x00007ffd790ca000 	C:\WINDOWS\SYSTEM32\VERSION.dll
0x00007ffd8d430000 - 0x00007ffd8d461000 	C:\WINDOWS\System32\IMM32.DLL
0x00007ffd87300000 - 0x00007ffd8730c000 	C:\Program Files\Java\jdk-11\bin\vcruntime140_1.dll
0x00007ffd5f520000 - 0x00007ffd5f5ae000 	C:\Program Files\Java\jdk-11\bin\msvcp140.dll
0x00007ffd27b00000 - 0x00007ffd28668000 	C:\Program Files\Java\jdk-11\bin\server\jvm.dll
0x00007ffd8d420000 - 0x00007ffd8d428000 	C:\WINDOWS\System32\PSAPI.DLL
0x00007ffd6f8c0000 - 0x00007ffd6f8c9000 	C:\WINDOWS\SYSTEM32\WSOCK32.dll
0x00007ffd83e70000 - 0x00007ffd83ea4000 	C:\WINDOWS\SYSTEM32\WINMM.dll
0x00007ffd8dbe0000 - 0x00007ffd8dc51000 	C:\WINDOWS\System32\WS2_32.dll
0x00007ffd8ae10000 - 0x00007ffd8ae28000 	C:\WINDOWS\SYSTEM32\kernel.appcore.dll
0x00007ffd87270000 - 0x00007ffd87280000 	C:\Program Files\Java\jdk-11\bin\verify.dll
0x00007ffd7dc30000 - 0x00007ffd7de5e000 	C:\WINDOWS\SYSTEM32\DBGHELP.DLL
0x00007ffd8d470000 - 0x00007ffd8d7f9000 	C:\WINDOWS\System32\combase.dll
0x00007ffd8e890000 - 0x00007ffd8e967000 	C:\WINDOWS\System32\OLEAUT32.dll
0x00007ffd6f830000 - 0x00007ffd6f862000 	C:\WINDOWS\SYSTEM32\dbgcore.DLL
0x00007ffd8bdf0000 - 0x00007ffd8be6b000 	C:\WINDOWS\System32\bcryptPrimitives.dll
0x00007ffd7d4c0000 - 0x00007ffd7d4e8000 	C:\Program Files\Java\jdk-11\bin\java.dll
0x00007ffd84770000 - 0x00007ffd8477a000 	C:\Program Files\Java\jdk-11\bin\jimage.dll
0x00007ffd7d400000 - 0x00007ffd7d417000 	C:\Program Files\Java\jdk-11\bin\zip.dll
0x00007ffd8c870000 - 0x00007ffd8d060000 	C:\WINDOWS\System32\SHELL32.dll
0x00007ffd89db0000 - 0x00007ffd8a67d000 	C:\WINDOWS\SYSTEM32\windows.storage.dll
0x00007ffd89c70000 - 0x00007ffd89dae000 	C:\WINDOWS\SYSTEM32\wintypes.dll
0x00007ffd8d800000 - 0x00007ffd8d8f1000 	C:\WINDOWS\System32\SHCORE.dll
0x00007ffd8de30000 - 0x00007ffd8de8e000 	C:\WINDOWS\System32\shlwapi.dll
0x00007ffd8bd20000 - 0x00007ffd8bd41000 	C:\WINDOWS\SYSTEM32\profapi.dll
0x00007ffd7d3e0000 - 0x00007ffd7d3f9000 	C:\Program Files\Java\jdk-11\bin\net.dll
0x00007ffd853d0000 - 0x00007ffd85507000 	C:\WINDOWS\SYSTEM32\WINHTTP.dll
0x00007ffd8b2b0000 - 0x00007ffd8b319000 	C:\WINDOWS\system32\mswsock.dll
0x00007ffd7a260000 - 0x00007ffd7a272000 	C:\Program Files\Java\jdk-11\bin\nio.dll
0x00007ffd5efe0000 - 0x00007ffd5f162000 	C:\Program Files\Java\jdk-11\bin\awt.dll
0x00007ffd891b0000 - 0x00007ffd89246000 	C:\WINDOWS\SYSTEM32\apphelp.dll
0x00007ffd895f0000 - 0x00007ffd8961b000 	C:\WINDOWS\system32\DWMAPI.DLL
0x00007ffd893a0000 - 0x00007ffd8944b000 	C:\WINDOWS\system32\uxtheme.dll
0x00007ffd76910000 - 0x00007ffd76a10000 	C:\WINDOWS\system32\opengl32.dll
0x00007ffd7e3b0000 - 0x00007ffd7e3dd000 	C:\WINDOWS\SYSTEM32\GLU32.dll
0x00007ffd894a0000 - 0x00007ffd894d6000 	C:\WINDOWS\SYSTEM32\dxcore.dll
0x00007ffd8d220000 - 0x00007ffd8d33e000 	C:\WINDOWS\System32\MSCTF.dll
0x00007ffd8da40000 - 0x00007ffd8dbdc000 	C:\WINDOWS\System32\ole32.dll
0x00007ffd8b510000 - 0x00007ffd8b52b000 	C:\WINDOWS\SYSTEM32\CRYPTSP.dll
0x00007ffd8ad80000 - 0x00007ffd8adb5000 	C:\WINDOWS\system32\rsaenh.dll
0x00007ffd8b3b0000 - 0x00007ffd8b3d8000 	C:\WINDOWS\SYSTEM32\USERENV.dll
0x00007ffd8b6d0000 - 0x00007ffd8b6f8000 	C:\WINDOWS\SYSTEM32\bcrypt.dll
0x00007ffd8b530000 - 0x00007ffd8b53c000 	C:\WINDOWS\SYSTEM32\CRYPTBASE.dll
0x00007ffd8a8d0000 - 0x00007ffd8a8fd000 	C:\WINDOWS\SYSTEM32\IPHLPAPI.DLL
0x00007ffd8dc60000 - 0x00007ffd8dc69000 	C:\WINDOWS\System32\NSI.dll
0x00007ffd83120000 - 0x00007ffd83139000 	C:\WINDOWS\SYSTEM32\dhcpcsvc6.DLL
0x00007ffd83100000 - 0x00007ffd8311f000 	C:\WINDOWS\SYSTEM32\dhcpcsvc.DLL
0x00007ffd8a940000 - 0x00007ffd8aa33000 	C:\WINDOWS\SYSTEM32\DNSAPI.dll
0x000000006e8c0000 - 0x000000006e8cd000 	C:\Users\Eguzm\AppData\Local\Temp\jogamp_0000\file_cache\jln9080031640743575774\jln2591356961206710904\natives\windows-amd64\gluegen_rt.dll
0x00007ffd83b90000 - 0x00007ffd83b97000 	C:\Program Files\Java\jdk-11\bin\jawt.dll
0x000000006a440000 - 0x000000006a44d000 	C:\Users\Eguzm\AppData\Local\Temp\jogamp_0000\file_cache\jln9080031640743575774\jln2591356961206710904\natives\windows-amd64\nativewindow_awt.dll
0x000000006c100000 - 0x000000006c110000 	C:\Users\Eguzm\AppData\Local\Temp\jogamp_0000\file_cache\jln9080031640743575774\jln2591356961206710904\natives\windows-amd64\nativewindow_win32.dll
0x0000000064500000 - 0x0000000064585000 	C:\Users\Eguzm\AppData\Local\Temp\jogamp_0000\file_cache\jln9080031640743575774\jln2591356961206710904\natives\windows-amd64\jogl_desktop.dll
0x0000000064340000 - 0x0000000064391000 	C:\Users\Eguzm\AppData\Local\Temp\jogamp_0000\file_cache\jln9080031640743575774\jln2591356961206710904\natives\windows-amd64\jogl_mobile.dll
0x00007ffd86b80000 - 0x00007ffd86bc8000 	C:\WINDOWS\SYSTEM32\directxdatabasehelper.dll
0x00007ffd8dff0000 - 0x00007ffd8e0a0000 	C:\WINDOWS\System32\clbcatq.dll
0x00007ffd22770000 - 0x00007ffd23792000 	C:\WINDOWS\System32\DriverStore\FileRepository\iigd_dch.inf_amd64_d73f88d32ddb95d3\ig11icd64.dll
0x00007ffd894e0000 - 0x00007ffd895d6000 	C:\WINDOWS\system32\dxgi.dll
0x00007ffd430b0000 - 0x00007ffd434b9000 	C:\WINDOWS\System32\DriverStore\FileRepository\iigd_dch.inf_amd64_d73f88d32ddb95d3\igdml64.dll
0x00007ffd81600000 - 0x00007ffd81931000 	C:\WINDOWS\System32\DriverStore\FileRepository\iigd_dch.inf_amd64_d73f88d32ddb95d3\igdgmm64.dll
0x00007ffd7e880000 - 0x00007ffd815f8000 	C:\WINDOWS\System32\DriverStore\FileRepository\iigd_dch.inf_amd64_d73f88d32ddb95d3\igc64.dll
0x00007ffd8bcc0000 - 0x00007ffd8bd0d000 	C:\WINDOWS\SYSTEM32\powrprof.dll
0x00007ffd8bca0000 - 0x00007ffd8bcb3000 	C:\WINDOWS\SYSTEM32\UMPDC.dll
0x00007ffd5f240000 - 0x00007ffd5f2c6000 	C:\Program Files\Java\jdk-11\bin\freetype.dll
0x00007ffd59840000 - 0x00007ffd59905000 	C:\Program Files\Java\jdk-11\bin\fontmanager.dll
0x00007ffd6a380000 - 0x00007ffd6a4ae000 	C:\WINDOWS\SYSTEM32\textinputframework.dll
0x00007ffd715f0000 - 0x00007ffd71659000 	C:\WINDOWS\system32\Oleacc.dll
0x00007ffd88dc0000 - 0x00007ffd88ef3000 	C:\WINDOWS\System32\CoreMessaging.dll

dbghelp: loaded successfully - version: 4.0.5 - missing functions: none
symbol engine: initialized successfully - sym options: 0x614 - pdb path: .;C:\Program Files\Java\jdk-11\bin;C:\WINDOWS\SYSTEM32;C:\WINDOWS\WinSxS\amd64_microsoft.windows.common-controls_6595b64144ccf1df_6.0.22621.608_none_a9444ca7c10bb01d;C:\Program Files\Java\jdk-11\bin\server;C:\Users\Eguzm\AppData\Local\Temp\jogamp_0000\file_cache\jln9080031640743575774\jln2591356961206710904\natives\windows-amd64;C:\WINDOWS\System32\DriverStore\FileRepository\iigd_dch.inf_amd64_d73f88d32ddb95d3

VM Arguments:
jvm_args: -Dsun.java2d.d3d=false -Dsun.java2d.uiScale=1 
java_command: a4.Code
java_class_path (initial): .;C:\javagaming\joml\joml-1.10.0.jar;C:\javagaming\jogl\jogl-all.jar;C:\javagaming\jogl\gluegen-rt.jar;C:\javagaming\jogl\joal.jar;C:\javagaming\jinput\jinput.jar;C:\javagaming\jbullet\jbullet.jar;C:\javagaming\vecmath\vecmath.jar;
Launcher Type: SUN_STANDARD

[Global flags]
     intx CICompilerCount                          = 4                                         {product} {ergonomic}
     uint ConcGCThreads                            = 2                                         {product} {ergonomic}
     uint G1ConcRefinementThreads                  = 8                                         {product} {ergonomic}
   size_t G1HeapRegionSize                         = 1048576                                   {product} {ergonomic}
    uintx GCDrainStackTargetSize                   = 64                                        {product} {ergonomic}
   size_t InitialHeapSize                          = 262144000                                 {product} {ergonomic}
   size_t MarkStackSize                            = 4194304                                   {product} {ergonomic}
   size_t MaxHeapSize                              = 4188012544                                {product} {ergonomic}
   size_t MaxNewSize                               = 2512388096                                {product} {ergonomic}
   size_t MinHeapDeltaBytes                        = 1048576                                   {product} {ergonomic}
    uintx NonNMethodCodeHeapSize                   = 5836300                                {pd product} {ergonomic}
    uintx NonProfiledCodeHeapSize                  = 122910970                              {pd product} {ergonomic}
    uintx ProfiledCodeHeapSize                     = 122910970                              {pd product} {ergonomic}
    uintx ReservedCodeCacheSize                    = 251658240                              {pd product} {ergonomic}
     bool SegmentedCodeCache                       = true                                      {product} {ergonomic}
     bool UseCompressedClassPointers               = true                                 {lp64_product} {ergonomic}
     bool UseCompressedOops                        = true                                 {lp64_product} {ergonomic}
     bool UseG1GC                                  = true                                      {product} {ergonomic}
     bool UseLargePagesIndividualAllocation        = false                                  {pd product} {ergonomic}

Logging:
Log output configuration:
 #0: stdout all=warning uptime,level,tags
 #1: stderr all=off uptime,level,tags

Environment Variables:
JAVA_HOME=C:\Program Files\Java\jdk-11
CLASSPATH=.;C:\javagaming\joml\joml-1.10.0.jar;C:\javagaming\jogl\jogl-all.jar;C:\javagaming\jogl\gluegen-rt.jar;C:\javagaming\jogl\joal.jar;C:\javagaming\jinput\jinput.jar;C:\javagaming\jbullet\jbullet.jar;C:\javagaming\vecmath\vecmath.jar;
PATH=C:\Program Files\Common Files\Oracle\Java\javapath;C:\WINDOWS\system32;C:\WINDOWS;C:\WINDOWS\System32\Wbem;C:\WINDOWS\System32\WindowsPowerShell\v1.0\;C:\WINDOWS\System32\OpenSSH\;C:\Program Files\Git\cmd;C:\javagaming\jinput\lib;C:\Users\Eguzm\AppData\Local\Microsoft\WindowsApps;C:\Users\Eguzm\AppData\Local\Programs\Microsoft VS Code\bin;C:\Program Files\heroku\bin
USERNAME=Eguzm
OS=Windows_NT
PROCESSOR_IDENTIFIER=Intel64 Family 6 Model 126 Stepping 5, GenuineIntel



---------------  S Y S T E M  ---------------

OS: Windows 11 , 64 bit Build 22621 (10.0.22621.1485)
Hyper-V role detected

CPU:total 8 (initial active 8) (4 cores per cpu, 2 threads per core) family 6 model 126 stepping 5 microcode 0xb0, cmov, cx8, fxsr, mmx, sse, sse2, sse3, ssse3, sse4.1, sse4.2, popcnt, avx, avx2, aes, clmul, erms, 3dnowpref, lzcnt, ht, tsc, tscinvbit, bmi1, bmi2, adx, evex, sha, fma

Memory: 4k page, system-wide physical 15970M (5594M free)
TotalPageFile size 23020M (AvailPageFile size 4008M)
current process WorkingSet (physical memory assigned to process): 209M, peak: 209M
current process commit charge ("private bytes"): 430M, peak: 430M

vm_info: Java HotSpot(TM) 64-Bit Server VM (11.0.18+9-LTS-195) for windows-amd64 JRE (11.0.18+9-LTS-195), built on Dec  6 2022 15:50:58 by "mach5one" with MS VC++ 17.1 (VS2022)

END.
