#
# A fatal error has been detected by the Java Runtime Environment:
#
#  EXCEPTION_ACCESS_VIOLATION (0xc0000005) at pc=0x00007ffcafe90d70, pid=4104, tid=22676
#
# JRE version: Java(TM) SE Runtime Environment 18.9 (11.0.18+9) (build 11.0.18+9-LTS-195)
# Java VM: Java HotSpot(TM) 64-Bit Server VM 18.9 (11.0.18+9-LTS-195, mixed mode, tiered, compressed oops, g1 gc, windows-amd64)
# Problematic frame:
# C  [ig11icd64.dll+0x5b0d70]
#
# No core dump will be written. Minidumps are not enabled by default on client versions of Windows
#
# If you would like to submit a bug report, please visit:
#   https://bugreport.java.com/bugreport/crash.jsp
# The crash happened outside the Java Virtual Machine in native code.
# See problematic frame for where to report the bug.
#

---------------  S U M M A R Y ------------

Command Line: -Dsun.java2d.d3d=false -Dsun.java2d.uiScale=1 a3.Code

Host: Intel(R) Core(TM) i7-1065G7 CPU @ 1.30GHz, 8 cores, 15G,  Windows 11 , 64 bit Build 22621 (10.0.22621.1485)
Time: Thu Apr 13 04:01:18 2023 Pacific Daylight Time elapsed time: 220.355145 seconds (0d 0h 3m 40s)

---------------  T H R E A D  ---------------

Current thread (0x0000011203ff1800):  JavaThread "AWT-EventQueue-0" [_thread_in_native, id=22676, stack(0x0000000c6d800000,0x0000000c6d900000)]

Stack: [0x0000000c6d800000,0x0000000c6d900000],  sp=0x0000000c6d8faa18,  free space=1002k
Native frames: (J=compiled Java code, j=interpreted, Vv=VM code, C=native code)
C  [ig11icd64.dll+0x5b0d70]

Java frames: (J=compiled Java code, j=interpreted, Vv=VM code)
J 1912  jogamp.opengl.gl4.GL4bcImpl.dispatch_glDrawArrays1(IIIJ)V (0 bytes) @ 0x000001126cf324f5 [0x000001126cf324a0+0x0000000000000055]
J 2671 c2 a3.Code.renderLightDot()V (16 bytes) @ 0x000001126cfd7ab8 [0x000001126cfd7740+0x0000000000000378]
J 2654 c2 com.jogamp.opengl.awt.GLCanvas$11.run()V (122 bytes) @ 0x000001126cfb994c [0x000001126cfb7c80+0x0000000000001ccc]
J 2658 c2 jogamp.opengl.GLDrawableHelper.invokeGLImpl(Lcom/jogamp/opengl/GLDrawable;Lcom/jogamp/opengl/GLContext;Ljava/lang/Runnable;Ljava/lang/Runnable;)V (579 bytes) @ 0x000001126cfcad48 [0x000001126cfca960+0x00000000000003e8]
J 2630 c2 java.awt.EventQueue.dispatchEventImpl(Ljava/awt/AWTEvent;Ljava/lang/Object;)V java.desktop@11.0.18 (136 bytes) @ 0x000001126cf9e164 [0x000001126cf9df20+0x0000000000000244]
J 2638 c2 java.awt.EventQueue$4.run()Ljava/lang/Object; java.desktop@11.0.18 (5 bytes) @ 0x000001126cfaaa78 [0x000001126cfaaa20+0x0000000000000058]
v  ~StubRoutines::call_stub
J 2011  java.security.AccessController.doPrivileged(Ljava/security/PrivilegedAction;Ljava/security/AccessControlContext;)Ljava/lang/Object; java.base@11.0.18 (0 bytes) @ 0x000001126cf3b2b6 [0x000001126cf3b240+0x0000000000000076]
J 2625 c2 java.awt.EventQueue.dispatchEvent(Ljava/awt/AWTEvent;)V java.desktop@11.0.18 (80 bytes) @ 0x000001126cf9775c [0x000001126cf97420+0x000000000000033c]
J 2629 c2 java.awt.EventDispatchThread.pumpOneEventForFilters(I)V java.desktop@11.0.18 (113 bytes) @ 0x000001126cf9cf14 [0x000001126cf9cd00+0x0000000000000214]
j  java.awt.EventDispatchThread.pumpEventsForFilter(ILjava/awt/Conditional;Ljava/awt/EventFilter;)V+35 java.desktop@11.0.18
j  java.awt.EventDispatchThread.pumpEventsForHierarchy(ILjava/awt/Conditional;Ljava/awt/Component;)V+11 java.desktop@11.0.18
j  java.awt.EventDispatchThread.pumpEvents(ILjava/awt/Conditional;)V+4 java.desktop@11.0.18
j  java.awt.EventDispatchThread.pumpEvents(Ljava/awt/Conditional;)V+3 java.desktop@11.0.18
j  java.awt.EventDispatchThread.run()V+9 java.desktop@11.0.18
v  ~StubRoutines::call_stub

siginfo: EXCEPTION_ACCESS_VIOLATION (0xc0000005), reading address 0x0000000000000098


Register to memory mapping:

RIP=0x00007ffcafe90d70 ig11icd64.dll
RAX=0x0000011204b84dd0 points into unknown readable memory: 0x00000112067c1000 | 00 10 7c 06 12 01 00 00
RBX=0x0 is NULL
RCX=0x0000011204b84dd0 points into unknown readable memory: 0x00000112067c1000 | 00 10 7c 06 12 01 00 00
RDX=0x0 is NULL
RSP=0x0000000c6d8faa18 is pointing into the stack for thread: 0x0000011203ff1800
RBP=0x0000000c6d8fab20 is pointing into the stack for thread: 0x0000011203ff1800
RSI=0x000001120476a2e0 points into unknown readable memory: 0x0000000078380001 | 01 00 38 78 00 00 00 00
RDI=0x0000011204b80360 points into unknown readable memory: 0x00007ffcb05ff7c8 | c8 f7 5f b0 fc 7f 00 00
R8 =0x0000011204b81408 points into unknown readable memory: 0x0000000000000000 | 00 00 00 00 00 00 00 00
R9 =0x00007ffcaf8e0000 ig11icd64.dll
R10=0x00000112047642b0 points into unknown readable memory: 0x0000703411000001 | 01 00 00 11 34 70 00 00
R11=0x0000011204775760 points into unknown readable memory: 0x02f8043b00000000 | 00 00 00 00 3b 04 f8 02
R12=0x0000011204b4ba40 points into unknown readable memory: 0x00000112017c8ac0 | c0 8a 7c 01 12 01 00 00
R13=0x0000011204b80d50 points into unknown readable memory: 0x0000000000000000 | 00 00 00 00 00 00 00 00
R14=0x0000011204b83e70 points into unknown readable memory: 0x7fffffdefe10c7ff | ff c7 10 fe de ff ff 7f
R15=0x0 is NULL


Registers:
RAX=0x0000011204b84dd0, RBX=0x0000000000000000, RCX=0x0000011204b84dd0, RDX=0x0000000000000000
RSP=0x0000000c6d8faa18, RBP=0x0000000c6d8fab20, RSI=0x000001120476a2e0, RDI=0x0000011204b80360
R8 =0x0000011204b81408, R9 =0x00007ffcaf8e0000, R10=0x00000112047642b0, R11=0x0000011204775760
R12=0x0000011204b4ba40, R13=0x0000011204b80d50, R14=0x0000011204b83e70, R15=0x0000000000000000
RIP=0x00007ffcafe90d70, EFLAGS=0x0000000000010246

Top of Stack: (sp=0x0000000c6d8faa18)
0x0000000c6d8faa18:   00007ffcaf9dc4bf 00000112047642b0
0x0000000c6d8faa28:   000001120476a2e0 0000000c00000000
0x0000000c6d8faa38:   00000112047642b0 00007ffc0000002e
0x0000000c6d8faa48:   0000011200000000 0000011200000140
0x0000000c6d8faa58:   00000112000003d0 0000000001816d00
0x0000000c6d8faa68:   0000000000000000 0000011200000000
0x0000000c6d8faa78:   0000000000000000 0000000000000000
0x0000000c6d8faa88:   0000000000000000 0000011200000000
0x0000000c6d8faa98:   000001120476a2e0 00000000016b9d09
0x0000000c6d8faaa8:   000000086d8fab01 000001120477fe10
0x0000000c6d8faab8:   000001120000007f 0000011200000008
0x0000000c6d8faac8:   0000000000000000 4437453300000000
0x0000000c6d8faad8:   0000000000000000 0000011204bbf638
0x0000000c6d8faae8:   0000011200000000 0000000000000000
0x0000000c6d8faaf8:   00000112047642b0 0000011204b80d50
0x0000000c6d8fab08:   00000112047642b0 0000011204b81110 

Instructions: (pc=0x00007ffcafe90d70)
0x00007ffcafe90d50:   f4 01 00 00 48 8b c7 48 8b 5c 24 50 48 8b 6c 24
0x00007ffcafe90d60:   58 48 83 c4 20 41 5e 5f 5e c3 cc cc cc cc cc cc
0x00007ffcafe90d70:   48 8b 82 98 00 00 00 4c 8b c1 48 85 c0 74 06 48
0x00007ffcafe90d80:   8b 48 20 eb 14 48 8b 8a a0 00 00 00 48 85 c9 0f 


Stack slot to memory mapping:
stack at sp + 0 slots: 0x00007ffcaf9dc4bf ig11icd64.dll
stack at sp + 1 slots: 0x00000112047642b0 points into unknown readable memory: 0x0000703411000001 | 01 00 00 11 34 70 00 00
stack at sp + 2 slots: 0x000001120476a2e0 points into unknown readable memory: 0x0000000078380001 | 01 00 38 78 00 00 00 00
stack at sp + 3 slots: 0x0000000c00000000 is an unknown value
stack at sp + 4 slots: 0x00000112047642b0 points into unknown readable memory: 0x0000703411000001 | 01 00 00 11 34 70 00 00
stack at sp + 5 slots: 0x00007ffc0000002e is an unknown value
stack at sp + 6 slots: 0x0000011200000000 is an unknown value
stack at sp + 7 slots: 0x0000011200000140 is an unknown value


---------------  P R O C E S S  ---------------

Threads class SMR info:
_java_thread_list=0x00000112044fb930, length=17, elements={
0x000001120063a800, 0x000001120063e800, 0x0000011200f2d800, 0x0000011200f2f000,
0x0000011200f31000, 0x0000011200f32000, 0x0000011200f35800, 0x0000011200f37000,
0x00000112010b3800, 0x000001120157a800, 0x000001120157b800, 0x0000011203ff1800,
0x0000011201844000, 0x000001125dc4b000, 0x0000011203fbc800, 0x000001120aad9000,
0x000001120aad8800
}

Java Threads: ( => current thread )
  0x000001120063a800 JavaThread "Reference Handler" daemon [_thread_blocked, id=22988, stack(0x0000000c6cb00000,0x0000000c6cc00000)]
  0x000001120063e800 JavaThread "Finalizer" daemon [_thread_blocked, id=1620, stack(0x0000000c6cc00000,0x0000000c6cd00000)]
  0x0000011200f2d800 JavaThread "Signal Dispatcher" daemon [_thread_blocked, id=22356, stack(0x0000000c6cd00000,0x0000000c6ce00000)]
  0x0000011200f2f000 JavaThread "Attach Listener" daemon [_thread_blocked, id=23228, stack(0x0000000c6ce00000,0x0000000c6cf00000)]
  0x0000011200f31000 JavaThread "Service Thread" daemon [_thread_blocked, id=1412, stack(0x0000000c6cf00000,0x0000000c6d000000)]
  0x0000011200f32000 JavaThread "C2 CompilerThread0" daemon [_thread_blocked, id=18872, stack(0x0000000c6d000000,0x0000000c6d100000)]
  0x0000011200f35800 JavaThread "C1 CompilerThread0" daemon [_thread_blocked, id=23164, stack(0x0000000c6d100000,0x0000000c6d200000)]
  0x0000011200f37000 JavaThread "Sweeper thread" daemon [_thread_blocked, id=23056, stack(0x0000000c6d200000,0x0000000c6d300000)]
  0x00000112010b3800 JavaThread "Common-Cleaner" daemon [_thread_blocked, id=16360, stack(0x0000000c6d400000,0x0000000c6d500000)]
  0x000001120157a800 JavaThread "Java2D Disposer" daemon [_thread_blocked, id=23544, stack(0x0000000c6d500000,0x0000000c6d600000)]
  0x000001120157b800 JavaThread "AWT-Shutdown" [_thread_blocked, id=18728, stack(0x0000000c6d600000,0x0000000c6d700000)]
=>0x0000011203ff1800 JavaThread "AWT-EventQueue-0" [_thread_in_native, id=22676, stack(0x0000000c6d800000,0x0000000c6d900000)]
  0x0000011201844000 JavaThread "main-AWTAnimator#00" [_thread_blocked, id=22852, stack(0x0000000c6e300000,0x0000000c6e400000)]
  0x000001125dc4b000 JavaThread "DestroyJavaVM" [_thread_blocked, id=12072, stack(0x0000000c6c400000,0x0000000c6c500000)]
  0x0000011203fbc800 JavaThread "SIGINT handler" daemon [_thread_blocked, id=12936, stack(0x0000000c6c100000,0x0000000c6c200000)]
  0x000001120aad9000 JavaThread "SIGINT handler" daemon [_thread_blocked, id=6872, stack(0x0000000c6ee00000,0x0000000c6ef00000)]
  0x000001120aad8800 JavaThread "SIGINT handler" daemon [_thread_blocked, id=22692, stack(0x0000000c6c200000,0x0000000c6c300000)]

Other Threads:
  0x0000011200627800 VMThread "VM Thread" [stack: 0x0000000c6ca00000,0x0000000c6cb00000] [id=23456]
  0x00000112010b2800 WatcherThread [stack: 0x0000000c6d300000,0x0000000c6d400000] [id=10452]
  0x000001125dc61000 GCTaskThread "GC Thread#0" [stack: 0x0000000c6c500000,0x0000000c6c600000] [id=15380]
  0x0000011204699000 GCTaskThread "GC Thread#1" [stack: 0x0000000c6de00000,0x0000000c6df00000] [id=7692]
  0x000001120469a000 GCTaskThread "GC Thread#2" [stack: 0x0000000c6df00000,0x0000000c6e000000] [id=19796]
  0x000001120469e800 GCTaskThread "GC Thread#3" [stack: 0x0000000c6e000000,0x0000000c6e100000] [id=3224]
  0x000001120469f000 GCTaskThread "GC Thread#4" [stack: 0x0000000c6e100000,0x0000000c6e200000] [id=23024]
  0x00000112046a0000 GCTaskThread "GC Thread#5" [stack: 0x0000000c6e200000,0x0000000c6e300000] [id=12092]
  0x0000011204747800 GCTaskThread "GC Thread#6" [stack: 0x0000000c6e400000,0x0000000c6e500000] [id=23180]
  0x00000112042e5800 GCTaskThread "GC Thread#7" [stack: 0x0000000c6e500000,0x0000000c6e600000] [id=17028]
  0x000001125dcc9800 ConcurrentGCThread "G1 Main Marker" [stack: 0x0000000c6c600000,0x0000000c6c700000] [id=20092]
  0x000001125dccb800 ConcurrentGCThread "G1 Conc#0" [stack: 0x0000000c6c700000,0x0000000c6c800000] [id=20320]
  0x0000011204313000 ConcurrentGCThread "G1 Conc#1" [stack: 0x0000000c6e600000,0x0000000c6e700000] [id=23368]
  0x000001120050c800 ConcurrentGCThread "G1 Refine#0" [stack: 0x0000000c6c800000,0x0000000c6c900000] [id=8812]
  0x000001120456f800 ConcurrentGCThread "G1 Refine#1" [stack: 0x0000000c6e900000,0x0000000c6ea00000] [id=13580]
  0x0000011204300800 ConcurrentGCThread "G1 Refine#2" [stack: 0x0000000c6ea00000,0x0000000c6eb00000] [id=16304]
  0x0000011204301000 ConcurrentGCThread "G1 Refine#3" [stack: 0x0000000c6eb00000,0x0000000c6ec00000] [id=23480]
  0x0000011204e16800 ConcurrentGCThread "G1 Refine#4" [stack: 0x0000000c6ec00000,0x0000000c6ed00000] [id=19028]
  0x000001120b123800 ConcurrentGCThread "G1 Refine#5" [stack: 0x0000000c6e800000,0x0000000c6e900000] [id=3832]
  0x0000011204ec0000 ConcurrentGCThread "G1 Refine#6" [stack: 0x0000000c6ed00000,0x0000000c6ee00000] [id=21136]
  0x000001120050f800 ConcurrentGCThread "G1 Young RemSet Sampling" [stack: 0x0000000c6c900000,0x0000000c6ca00000] [id=3328]

Threads with active compile tasks:

VM state:not at safepoint (normal execution)

VM Mutex/Monitor currently owned by a thread: None

Heap address: 0x0000000706600000, size: 3994 MB, Compressed Oops mode: Zero based, Oop shift amount: 3
Narrow klass base: 0x0000000800000000, Narrow klass shift: 0
Compressed class space size: 1073741824 Address: 0x0000000800000000

Heap:
 garbage-first heap   total 382976K, used 301945K [0x0000000706600000, 0x0000000800000000)
  region size 1024K, 145 young (148480K), 9 survivors (9216K)
 Metaspace       used 24510K, capacity 24921K, committed 25008K, reserved 1073152K
  class space    used 2116K, capacity 2302K, committed 2304K, reserved 1048576K
Heap Regions: E=young(eden), S=young(survivor), O=old, HS=humongous(starts), HC=humongous(continues), CS=collection set, F=free, A=archive, TAMS=top-at-mark-start (previous, next)
|   0|0x0000000706600000, 0x0000000706700000, 0x0000000706700000|100%| O|  |TAMS 0x0000000706600000, 0x0000000706600000| Untracked 
|   1|0x0000000706700000, 0x0000000706800000, 0x0000000706800000|100%| O|  |TAMS 0x0000000706700a00, 0x0000000706700000| Untracked 
|   2|0x0000000706800000, 0x0000000706900000, 0x0000000706900000|100%|HS|  |TAMS 0x0000000706900000, 0x0000000706800000| Complete 
|   3|0x0000000706900000, 0x0000000706a00000, 0x0000000706a00000|100%|HC|  |TAMS 0x0000000706a00000, 0x0000000706900000| Complete 
|   4|0x0000000706a00000, 0x0000000706b00000, 0x0000000706b00000|100%|HC|  |TAMS 0x0000000706b00000, 0x0000000706a00000| Complete 
|   5|0x0000000706b00000, 0x0000000706c00000, 0x0000000706c00000|100%|HC|  |TAMS 0x0000000706c00000, 0x0000000706b00000| Complete 
|   6|0x0000000706c00000, 0x0000000706d00000, 0x0000000706d00000|100%| O|  |TAMS 0x0000000706c00000, 0x0000000706c00000| Untracked 
|   7|0x0000000706d00000, 0x0000000706e00000, 0x0000000706e00000|100%|HS|  |TAMS 0x0000000706d00000, 0x0000000706d00000| Complete 
|   8|0x0000000706e00000, 0x0000000706f00000, 0x0000000706f00000|100%|HS|  |TAMS 0x0000000706e00000, 0x0000000706e00000| Complete 
|   9|0x0000000706f00000, 0x0000000707000000, 0x0000000707000000|100%|HS|  |TAMS 0x0000000706f00000, 0x0000000706f00000| Complete 
|  10|0x0000000707000000, 0x0000000707100000, 0x0000000707100000|100%|HS|  |TAMS 0x0000000707000000, 0x0000000707000000| Complete 
|  11|0x0000000707100000, 0x0000000707200000, 0x0000000707200000|100%|HS|  |TAMS 0x0000000707100000, 0x0000000707100000| Complete 
|  12|0x0000000707200000, 0x0000000707300000, 0x0000000707300000|100%|HS|  |TAMS 0x0000000707200000, 0x0000000707200000| Complete 
|  13|0x0000000707300000, 0x0000000707400000, 0x0000000707400000|100%|HC|  |TAMS 0x0000000707300000, 0x0000000707300000| Complete 
|  14|0x0000000707400000, 0x0000000707500000, 0x0000000707500000|100%|HS|  |TAMS 0x0000000707400000, 0x0000000707400000| Complete 
|  15|0x0000000707500000, 0x0000000707600000, 0x0000000707600000|100%|HS|  |TAMS 0x0000000707500000, 0x0000000707500000| Complete 
|  16|0x0000000707600000, 0x0000000707700000, 0x0000000707700000|100%|HC|  |TAMS 0x0000000707600000, 0x0000000707600000| Complete 
|  17|0x0000000707700000, 0x0000000707800000, 0x0000000707800000|100%|HS|  |TAMS 0x0000000707700000, 0x0000000707700000| Complete 
|  18|0x0000000707800000, 0x0000000707900000, 0x0000000707900000|100%|HS|  |TAMS 0x0000000707800000, 0x0000000707800000| Complete 
|  19|0x0000000707900000, 0x0000000707a00000, 0x0000000707a00000|100%|HS|  |TAMS 0x0000000707900000, 0x0000000707900000| Complete 
|  20|0x0000000707a00000, 0x0000000707b00000, 0x0000000707b00000|100%|HS|  |TAMS 0x0000000707a00000, 0x0000000707a00000| Complete 
|  21|0x0000000707b00000, 0x0000000707c00000, 0x0000000707c00000|100%|HS|  |TAMS 0x0000000707b00000, 0x0000000707b00000| Complete 
|  22|0x0000000707c00000, 0x0000000707d00000, 0x0000000707d00000|100%| O|  |TAMS 0x0000000707c00000, 0x0000000707c00000| Untracked 
|  23|0x0000000707d00000, 0x0000000707e00000, 0x0000000707e00000|100%| O|  |TAMS 0x0000000707d00000, 0x0000000707d00000| Untracked 
|  24|0x0000000707e00000, 0x0000000707f00000, 0x0000000707f00000|100%| O|  |TAMS 0x0000000707e00000, 0x0000000707e00000| Untracked 
|  25|0x0000000707f00000, 0x0000000708000000, 0x0000000708000000|100%| O|  |TAMS 0x0000000707f00000, 0x0000000707f00000| Untracked 
|  26|0x0000000708000000, 0x0000000708100000, 0x0000000708100000|100%| O|  |TAMS 0x0000000708000000, 0x0000000708000000| Untracked 
|  27|0x0000000708100000, 0x0000000708200000, 0x0000000708200000|100%|HS|  |TAMS 0x0000000708100000, 0x0000000708100000| Complete 
|  28|0x0000000708200000, 0x0000000708300000, 0x0000000708300000|100%|HC|  |TAMS 0x0000000708200000, 0x0000000708200000| Complete 
|  29|0x0000000708300000, 0x0000000708400000, 0x0000000708400000|100%|HS|  |TAMS 0x0000000708300000, 0x0000000708300000| Complete 
|  30|0x0000000708400000, 0x0000000708500000, 0x0000000708500000|100%|HS|  |TAMS 0x0000000708400000, 0x0000000708400000| Complete 
|  31|0x0000000708500000, 0x0000000708600000, 0x0000000708600000|100%|HC|  |TAMS 0x0000000708500000, 0x0000000708500000| Complete 
|  32|0x0000000708600000, 0x0000000708700000, 0x0000000708700000|100%| O|  |TAMS 0x0000000708600000, 0x0000000708600000| Untracked 
|  33|0x0000000708700000, 0x0000000708800000, 0x0000000708800000|100%| O|  |TAMS 0x0000000708700000, 0x0000000708700000| Untracked 
|  34|0x0000000708800000, 0x0000000708900000, 0x0000000708900000|100%| O|  |TAMS 0x0000000708800000, 0x0000000708800000| Untracked 
|  35|0x0000000708900000, 0x0000000708a00000, 0x0000000708a00000|100%| O|  |TAMS 0x0000000708900000, 0x0000000708900000| Untracked 
|  36|0x0000000708a00000, 0x0000000708b00000, 0x0000000708b00000|100%| O|  |TAMS 0x0000000708a00000, 0x0000000708a00000| Untracked 
|  37|0x0000000708b00000, 0x0000000708c00000, 0x0000000708c00000|100%|HS|  |TAMS 0x0000000708b00000, 0x0000000708b00000| Complete 
|  38|0x0000000708c00000, 0x0000000708d00000, 0x0000000708d00000|100%|HC|  |TAMS 0x0000000708c00000, 0x0000000708c00000| Complete 
|  39|0x0000000708d00000, 0x0000000708e00000, 0x0000000708e00000|100%|HC|  |TAMS 0x0000000708d00000, 0x0000000708d00000| Complete 
|  40|0x0000000708e00000, 0x0000000708f00000, 0x0000000708f00000|100%|HS|  |TAMS 0x0000000708e00000, 0x0000000708e00000| Complete 
|  41|0x0000000708f00000, 0x0000000709000000, 0x0000000709000000|100%|HC|  |TAMS 0x0000000708f00000, 0x0000000708f00000| Complete 
|  42|0x0000000709000000, 0x0000000709100000, 0x0000000709100000|100%|HS|  |TAMS 0x0000000709000000, 0x0000000709000000| Complete 
|  43|0x0000000709100000, 0x0000000709200000, 0x0000000709200000|100%|HC|  |TAMS 0x0000000709100000, 0x0000000709100000| Complete 
|  44|0x0000000709200000, 0x0000000709300000, 0x0000000709300000|100%|HC|  |TAMS 0x0000000709200000, 0x0000000709200000| Complete 
|  45|0x0000000709300000, 0x0000000709400000, 0x0000000709400000|100%|HS|  |TAMS 0x0000000709300000, 0x0000000709300000| Complete 
|  46|0x0000000709400000, 0x0000000709500000, 0x0000000709500000|100%|HS|  |TAMS 0x0000000709400000, 0x0000000709400000| Complete 
|  47|0x0000000709500000, 0x0000000709600000, 0x0000000709600000|100%|HC|  |TAMS 0x0000000709500000, 0x0000000709500000| Complete 
|  48|0x0000000709600000, 0x0000000709700000, 0x0000000709700000|100%|HC|  |TAMS 0x0000000709600000, 0x0000000709600000| Complete 
|  49|0x0000000709700000, 0x0000000709800000, 0x0000000709800000|100%|HC|  |TAMS 0x0000000709700000, 0x0000000709700000| Complete 
|  50|0x0000000709800000, 0x0000000709900000, 0x0000000709900000|100%|HS|  |TAMS 0x0000000709800000, 0x0000000709800000| Complete 
|  51|0x0000000709900000, 0x0000000709a00000, 0x0000000709a00000|100%|HC|  |TAMS 0x0000000709900000, 0x0000000709900000| Complete 
|  52|0x0000000709a00000, 0x0000000709b00000, 0x0000000709b00000|100%|HC|  |TAMS 0x0000000709a00000, 0x0000000709a00000| Complete 
|  53|0x0000000709b00000, 0x0000000709c00000, 0x0000000709c00000|100%|HS|  |TAMS 0x0000000709b00000, 0x0000000709b00000| Complete 
|  54|0x0000000709c00000, 0x0000000709d00000, 0x0000000709d00000|100%|HC|  |TAMS 0x0000000709c00000, 0x0000000709c00000| Complete 
|  55|0x0000000709d00000, 0x0000000709e00000, 0x0000000709e00000|100%|HC|  |TAMS 0x0000000709d00000, 0x0000000709d00000| Complete 
|  56|0x0000000709e00000, 0x0000000709f00000, 0x0000000709f00000|100%|HC|  |TAMS 0x0000000709e00000, 0x0000000709e00000| Complete 
|  57|0x0000000709f00000, 0x000000070a000000, 0x000000070a000000|100%|HS|  |TAMS 0x0000000709f00000, 0x0000000709f00000| Complete 
|  58|0x000000070a000000, 0x000000070a100000, 0x000000070a100000|100%|HC|  |TAMS 0x000000070a000000, 0x000000070a000000| Complete 
|  59|0x000000070a100000, 0x000000070a200000, 0x000000070a200000|100%|HC|  |TAMS 0x000000070a100000, 0x000000070a100000| Complete 
|  60|0x000000070a200000, 0x000000070a300000, 0x000000070a300000|100%|HC|  |TAMS 0x000000070a200000, 0x000000070a200000| Complete 
|  61|0x000000070a300000, 0x000000070a400000, 0x000000070a400000|100%|HS|  |TAMS 0x000000070a300000, 0x000000070a300000| Complete 
|  62|0x000000070a400000, 0x000000070a500000, 0x000000070a500000|100%|HC|  |TAMS 0x000000070a400000, 0x000000070a400000| Complete 
|  63|0x000000070a500000, 0x000000070a600000, 0x000000070a600000|100%|HC|  |TAMS 0x000000070a500000, 0x000000070a500000| Complete 
|  64|0x000000070a600000, 0x000000070a700000, 0x000000070a700000|100%|HC|  |TAMS 0x000000070a600000, 0x000000070a600000| Complete 
|  65|0x000000070a700000, 0x000000070a800000, 0x000000070a800000|100%|HS|  |TAMS 0x000000070a700000, 0x000000070a700000| Complete 
|  66|0x000000070a800000, 0x000000070a900000, 0x000000070a900000|100%|HS|  |TAMS 0x000000070a800000, 0x000000070a800000| Complete 
|  67|0x000000070a900000, 0x000000070aa00000, 0x000000070aa00000|100%|HS|  |TAMS 0x000000070a900000, 0x000000070a900000| Complete 
|  68|0x000000070aa00000, 0x000000070ab00000, 0x000000070ab00000|100%| O|  |TAMS 0x000000070aa00000, 0x000000070aa00000| Untracked 
|  69|0x000000070ab00000, 0x000000070ac00000, 0x000000070ac00000|100%| O|  |TAMS 0x000000070ab00000, 0x000000070ab00000| Untracked 
|  70|0x000000070ac00000, 0x000000070ad00000, 0x000000070ad00000|100%| O|  |TAMS 0x000000070ac00000, 0x000000070ac00000| Untracked 
|  71|0x000000070ad00000, 0x000000070ae00000, 0x000000070ae00000|100%| O|  |TAMS 0x000000070ad00000, 0x000000070ad00000| Untracked 
|  72|0x000000070ae00000, 0x000000070af00000, 0x000000070af00000|100%| O|  |TAMS 0x000000070ae00000, 0x000000070ae00000| Untracked 
|  73|0x000000070af00000, 0x000000070b000000, 0x000000070b000000|100%| O|  |TAMS 0x000000070af00000, 0x000000070af00000| Untracked 
|  74|0x000000070b000000, 0x000000070b100000, 0x000000070b100000|100%| O|  |TAMS 0x000000070b000000, 0x000000070b000000| Untracked 
|  75|0x000000070b100000, 0x000000070b200000, 0x000000070b200000|100%| O|  |TAMS 0x000000070b100000, 0x000000070b100000| Untracked 
|  76|0x000000070b200000, 0x000000070b300000, 0x000000070b300000|100%| O|  |TAMS 0x000000070b200000, 0x000000070b200000| Untracked 
|  77|0x000000070b300000, 0x000000070b400000, 0x000000070b400000|100%| O|  |TAMS 0x000000070b300000, 0x000000070b300000| Untracked 
|  78|0x000000070b400000, 0x000000070b500000, 0x000000070b500000|100%| O|  |TAMS 0x000000070b400000, 0x000000070b400000| Untracked 
|  79|0x000000070b500000, 0x000000070b600000, 0x000000070b600000|100%| O|  |TAMS 0x000000070b500000, 0x000000070b500000| Untracked 
|  80|0x000000070b600000, 0x000000070b700000, 0x000000070b700000|100%| O|  |TAMS 0x000000070b600000, 0x000000070b600000| Untracked 
|  81|0x000000070b700000, 0x000000070b800000, 0x000000070b800000|100%| O|  |TAMS 0x000000070b700000, 0x000000070b700000| Untracked 
|  82|0x000000070b800000, 0x000000070b819800, 0x000000070b900000|  9%| O|  |TAMS 0x000000070b800000, 0x000000070b800000| Untracked 
|  83|0x000000070b900000, 0x000000070ba00000, 0x000000070ba00000|100%|HS|  |TAMS 0x000000070b900000, 0x000000070b900000| Complete 
|  84|0x000000070ba00000, 0x000000070bb00000, 0x000000070bb00000|100%|HC|  |TAMS 0x000000070ba00000, 0x000000070ba00000| Complete 
|  85|0x000000070bb00000, 0x000000070bc00000, 0x000000070bc00000|100%|HC|  |TAMS 0x000000070bb00000, 0x000000070bb00000| Complete 
|  86|0x000000070bc00000, 0x000000070bd00000, 0x000000070bd00000|100%|HC|  |TAMS 0x000000070bc00000, 0x000000070bc00000| Complete 
|  87|0x000000070bd00000, 0x000000070be00000, 0x000000070be00000|100%|HS|  |TAMS 0x000000070bd00000, 0x000000070bd00000| Complete 
|  88|0x000000070be00000, 0x000000070bf00000, 0x000000070bf00000|100%|HC|  |TAMS 0x000000070be00000, 0x000000070be00000| Complete 
|  89|0x000000070bf00000, 0x000000070c000000, 0x000000070c000000|100%|HC|  |TAMS 0x000000070bf00000, 0x000000070bf00000| Complete 
|  90|0x000000070c000000, 0x000000070c100000, 0x000000070c100000|100%|HC|  |TAMS 0x000000070c000000, 0x000000070c000000| Complete 
|  91|0x000000070c100000, 0x000000070c200000, 0x000000070c200000|100%|HS|  |TAMS 0x000000070c100000, 0x000000070c100000| Complete 
|  92|0x000000070c200000, 0x000000070c300000, 0x000000070c300000|100%|HC|  |TAMS 0x000000070c200000, 0x000000070c200000| Complete 
|  93|0x000000070c300000, 0x000000070c400000, 0x000000070c400000|100%|HC|  |TAMS 0x000000070c300000, 0x000000070c300000| Complete 
|  94|0x000000070c400000, 0x000000070c500000, 0x000000070c500000|100%|HC|  |TAMS 0x000000070c400000, 0x000000070c400000| Complete 
|  95|0x000000070c500000, 0x000000070c600000, 0x000000070c600000|100%|HS|  |TAMS 0x000000070c500000, 0x000000070c500000| Complete 
|  96|0x000000070c600000, 0x000000070c700000, 0x000000070c700000|100%|HC|  |TAMS 0x000000070c600000, 0x000000070c600000| Complete 
|  97|0x000000070c700000, 0x000000070c800000, 0x000000070c800000|100%|HC|  |TAMS 0x000000070c700000, 0x000000070c700000| Complete 
|  98|0x000000070c800000, 0x000000070c900000, 0x000000070c900000|100%|HC|  |TAMS 0x000000070c800000, 0x000000070c800000| Complete 
|  99|0x000000070c900000, 0x000000070ca00000, 0x000000070ca00000|100%|HS|  |TAMS 0x000000070c900000, 0x000000070c900000| Complete 
| 100|0x000000070ca00000, 0x000000070cb00000, 0x000000070cb00000|100%|HC|  |TAMS 0x000000070ca00000, 0x000000070ca00000| Complete 
| 101|0x000000070cb00000, 0x000000070cc00000, 0x000000070cc00000|100%|HC|  |TAMS 0x000000070cb00000, 0x000000070cb00000| Complete 
| 102|0x000000070cc00000, 0x000000070cd00000, 0x000000070cd00000|100%|HC|  |TAMS 0x000000070cc00000, 0x000000070cc00000| Complete 
| 103|0x000000070cd00000, 0x000000070ce00000, 0x000000070ce00000|100%|HC|  |TAMS 0x000000070cd00000, 0x000000070cd00000| Complete 
| 104|0x000000070ce00000, 0x000000070cf00000, 0x000000070cf00000|100%|HS|  |TAMS 0x000000070ce00000, 0x000000070ce00000| Complete 
| 105|0x000000070cf00000, 0x000000070d000000, 0x000000070d000000|100%|HC|  |TAMS 0x000000070cf00000, 0x000000070cf00000| Complete 
| 106|0x000000070d000000, 0x000000070d100000, 0x000000070d100000|100%|HC|  |TAMS 0x000000070d000000, 0x000000070d000000| Complete 
| 107|0x000000070d100000, 0x000000070d200000, 0x000000070d200000|100%|HC|  |TAMS 0x000000070d100000, 0x000000070d100000| Complete 
| 108|0x000000070d200000, 0x000000070d300000, 0x000000070d300000|100%|HC|  |TAMS 0x000000070d200000, 0x000000070d200000| Complete 
| 109|0x000000070d300000, 0x000000070d400000, 0x000000070d400000|100%|HS|  |TAMS 0x000000070d300000, 0x000000070d300000| Complete 
| 110|0x000000070d400000, 0x000000070d500000, 0x000000070d500000|100%|HC|  |TAMS 0x000000070d400000, 0x000000070d400000| Complete 
| 111|0x000000070d500000, 0x000000070d600000, 0x000000070d600000|100%|HC|  |TAMS 0x000000070d500000, 0x000000070d500000| Complete 
| 112|0x000000070d600000, 0x000000070d700000, 0x000000070d700000|100%|HC|  |TAMS 0x000000070d600000, 0x000000070d600000| Complete 
| 113|0x000000070d700000, 0x000000070d800000, 0x000000070d800000|100%|HC|  |TAMS 0x000000070d700000, 0x000000070d700000| Complete 
| 114|0x000000070d800000, 0x000000070d900000, 0x000000070d900000|100%|HS|  |TAMS 0x000000070d800000, 0x000000070d800000| Complete 
| 115|0x000000070d900000, 0x000000070da00000, 0x000000070da00000|100%|HC|  |TAMS 0x000000070d900000, 0x000000070d900000| Complete 
| 116|0x000000070da00000, 0x000000070db00000, 0x000000070db00000|100%|HC|  |TAMS 0x000000070da00000, 0x000000070da00000| Complete 
| 117|0x000000070db00000, 0x000000070dc00000, 0x000000070dc00000|100%|HC|  |TAMS 0x000000070db00000, 0x000000070db00000| Complete 
| 118|0x000000070dc00000, 0x000000070dd00000, 0x000000070dd00000|100%|HC|  |TAMS 0x000000070dc00000, 0x000000070dc00000| Complete 
| 119|0x000000070dd00000, 0x000000070de00000, 0x000000070de00000|100%|HS|  |TAMS 0x000000070dd00000, 0x000000070dd00000| Complete 
| 120|0x000000070de00000, 0x000000070df00000, 0x000000070df00000|100%|HC|  |TAMS 0x000000070de00000, 0x000000070de00000| Complete 
| 121|0x000000070df00000, 0x000000070e000000, 0x000000070e000000|100%|HC|  |TAMS 0x000000070df00000, 0x000000070df00000| Complete 
| 122|0x000000070e000000, 0x000000070e100000, 0x000000070e100000|100%|HC|  |TAMS 0x000000070e000000, 0x000000070e000000| Complete 
| 123|0x000000070e100000, 0x000000070e200000, 0x000000070e200000|100%|HC|  |TAMS 0x000000070e100000, 0x000000070e100000| Complete 
| 124|0x000000070e200000, 0x000000070e300000, 0x000000070e300000|100%|HS|  |TAMS 0x000000070e200000, 0x000000070e200000| Complete 
| 125|0x000000070e300000, 0x000000070e400000, 0x000000070e400000|100%|HC|  |TAMS 0x000000070e300000, 0x000000070e300000| Complete 
| 126|0x000000070e400000, 0x000000070e500000, 0x000000070e500000|100%|HC|  |TAMS 0x000000070e400000, 0x000000070e400000| Complete 
| 127|0x000000070e500000, 0x000000070e600000, 0x000000070e600000|100%|HC|  |TAMS 0x000000070e500000, 0x000000070e500000| Complete 
| 128|0x000000070e600000, 0x000000070e700000, 0x000000070e700000|100%|HC|  |TAMS 0x000000070e600000, 0x000000070e600000| Complete 
| 129|0x000000070e700000, 0x000000070e800000, 0x000000070e800000|100%|HS|  |TAMS 0x000000070e700000, 0x000000070e700000| Complete 
| 130|0x000000070e800000, 0x000000070e900000, 0x000000070e900000|100%|HC|  |TAMS 0x000000070e800000, 0x000000070e800000| Complete 
| 131|0x000000070e900000, 0x000000070ea00000, 0x000000070ea00000|100%|HC|  |TAMS 0x000000070e900000, 0x000000070e900000| Complete 
| 132|0x000000070ea00000, 0x000000070eb00000, 0x000000070eb00000|100%|HC|  |TAMS 0x000000070ea00000, 0x000000070ea00000| Complete 
| 133|0x000000070eb00000, 0x000000070ec00000, 0x000000070ec00000|100%|HC|  |TAMS 0x000000070eb00000, 0x000000070eb00000| Complete 
| 134|0x000000070ec00000, 0x000000070ed00000, 0x000000070ed00000|100%|HS|  |TAMS 0x000000070ec00000, 0x000000070ec00000| Complete 
| 135|0x000000070ed00000, 0x000000070ee00000, 0x000000070ee00000|100%|HC|  |TAMS 0x000000070ed00000, 0x000000070ed00000| Complete 
| 136|0x000000070ee00000, 0x000000070ef00000, 0x000000070ef00000|100%|HC|  |TAMS 0x000000070ee00000, 0x000000070ee00000| Complete 
| 137|0x000000070ef00000, 0x000000070f000000, 0x000000070f000000|100%|HC|  |TAMS 0x000000070ef00000, 0x000000070ef00000| Complete 
| 138|0x000000070f000000, 0x000000070f100000, 0x000000070f100000|100%|HC|  |TAMS 0x000000070f000000, 0x000000070f000000| Complete 
| 139|0x000000070f100000, 0x000000070f200000, 0x000000070f200000|100%|HS|  |TAMS 0x000000070f100000, 0x000000070f100000| Complete 
| 140|0x000000070f200000, 0x000000070f300000, 0x000000070f300000|100%|HC|  |TAMS 0x000000070f200000, 0x000000070f200000| Complete 
| 141|0x000000070f300000, 0x000000070f400000, 0x000000070f400000|100%|HS|  |TAMS 0x000000070f300000, 0x000000070f300000| Complete 
| 142|0x000000070f400000, 0x000000070f500000, 0x000000070f500000|100%|HS|  |TAMS 0x000000070f400000, 0x000000070f400000| Complete 
| 143|0x000000070f500000, 0x000000070f600000, 0x000000070f600000|100%|HC|  |TAMS 0x000000070f500000, 0x000000070f500000| Complete 
| 144|0x000000070f600000, 0x000000070f700000, 0x000000070f700000|100%|HS|  |TAMS 0x000000070f600000, 0x000000070f600000| Complete 
| 145|0x000000070f700000, 0x000000070f800000, 0x000000070f800000|100%|HC|  |TAMS 0x000000070f700000, 0x000000070f700000| Complete 
| 146|0x000000070f800000, 0x000000070f900000, 0x000000070f900000|100%|HC|  |TAMS 0x000000070f800000, 0x000000070f800000| Complete 
| 147|0x000000070f900000, 0x000000070fa00000, 0x000000070fa00000|100%|HS|  |TAMS 0x000000070f900000, 0x000000070f900000| Complete 
| 148|0x000000070fa00000, 0x000000070fb00000, 0x000000070fb00000|100%|HC|  |TAMS 0x000000070fa00000, 0x000000070fa00000| Complete 
| 149|0x000000070fb00000, 0x000000070fc00000, 0x000000070fc00000|100%|HS|  |TAMS 0x000000070fb00000, 0x000000070fb00000| Complete 
| 150|0x000000070fc00000, 0x000000070fd00000, 0x000000070fd00000|100%|HC|  |TAMS 0x000000070fc00000, 0x000000070fc00000| Complete 
| 151|0x000000070fd00000, 0x000000070fe00000, 0x000000070fe00000|100%|HC|  |TAMS 0x000000070fd00000, 0x000000070fd00000| Complete 
| 152|0x000000070fe00000, 0x000000070fe00000, 0x000000070ff00000|  0%| F|  |TAMS 0x000000070fe00000, 0x000000070fe00000| Untracked 
| 153|0x000000070ff00000, 0x000000070ff00000, 0x0000000710000000|  0%| F|  |TAMS 0x000000070ff00000, 0x000000070ff00000| Untracked 
| 154|0x0000000710000000, 0x0000000710000000, 0x0000000710100000|  0%| F|  |TAMS 0x0000000710000000, 0x0000000710000000| Untracked 
| 155|0x0000000710100000, 0x0000000710100000, 0x0000000710200000|  0%| F|  |TAMS 0x0000000710100000, 0x0000000710100000| Untracked 
| 156|0x0000000710200000, 0x0000000710200000, 0x0000000710300000|  0%| F|  |TAMS 0x0000000710200000, 0x0000000710200000| Untracked 
| 157|0x0000000710300000, 0x0000000710300000, 0x0000000710400000|  0%| F|  |TAMS 0x0000000710300000, 0x0000000710300000| Untracked 
| 158|0x0000000710400000, 0x0000000710400000, 0x0000000710500000|  0%| F|  |TAMS 0x0000000710400000, 0x0000000710400000| Untracked 
| 159|0x0000000710500000, 0x0000000710500000, 0x0000000710600000|  0%| F|  |TAMS 0x0000000710500000, 0x0000000710500000| Untracked 
| 160|0x0000000710600000, 0x0000000710600000, 0x0000000710700000|  0%| F|  |TAMS 0x0000000710600000, 0x0000000710600000| Untracked 
| 161|0x0000000710700000, 0x0000000710700000, 0x0000000710800000|  0%| F|  |TAMS 0x0000000710700000, 0x0000000710700000| Untracked 
| 162|0x0000000710800000, 0x0000000710800000, 0x0000000710900000|  0%| F|  |TAMS 0x0000000710800000, 0x0000000710800000| Untracked 
| 163|0x0000000710900000, 0x0000000710900000, 0x0000000710a00000|  0%| F|  |TAMS 0x0000000710900000, 0x0000000710900000| Untracked 
| 164|0x0000000710a00000, 0x0000000710ac4d40, 0x0000000710b00000| 76%| S|CS|TAMS 0x0000000710a00000, 0x0000000710a00000| Complete 
| 165|0x0000000710b00000, 0x0000000710c00000, 0x0000000710c00000|100%| S|CS|TAMS 0x0000000710b00000, 0x0000000710b00000| Complete 
| 166|0x0000000710c00000, 0x0000000710d00000, 0x0000000710d00000|100%| S|CS|TAMS 0x0000000710c00000, 0x0000000710c00000| Complete 
| 167|0x0000000710d00000, 0x0000000710e00000, 0x0000000710e00000|100%| S|CS|TAMS 0x0000000710d00000, 0x0000000710d00000| Complete 
| 168|0x0000000710e00000, 0x0000000710f00000, 0x0000000710f00000|100%| S|CS|TAMS 0x0000000710e00000, 0x0000000710e00000| Complete 
| 169|0x0000000710f00000, 0x0000000711000000, 0x0000000711000000|100%| S|CS|TAMS 0x0000000710f00000, 0x0000000710f00000| Complete 
| 170|0x0000000711000000, 0x0000000711100000, 0x0000000711100000|100%| S|CS|TAMS 0x0000000711000000, 0x0000000711000000| Complete 
| 171|0x0000000711100000, 0x0000000711200000, 0x0000000711200000|100%| S|CS|TAMS 0x0000000711100000, 0x0000000711100000| Complete 
| 172|0x0000000711200000, 0x0000000711300000, 0x0000000711300000|100%| S|CS|TAMS 0x0000000711200000, 0x0000000711200000| Complete 
| 173|0x0000000711300000, 0x0000000711300000, 0x0000000711400000|  0%| F|  |TAMS 0x0000000711300000, 0x0000000711300000| Untracked 
| 174|0x0000000711400000, 0x0000000711400000, 0x0000000711500000|  0%| F|  |TAMS 0x0000000711400000, 0x0000000711400000| Untracked 
| 175|0x0000000711500000, 0x0000000711500000, 0x0000000711600000|  0%| F|  |TAMS 0x0000000711500000, 0x0000000711500000| Untracked 
| 176|0x0000000711600000, 0x0000000711600000, 0x0000000711700000|  0%| F|  |TAMS 0x0000000711600000, 0x0000000711600000| Untracked 
| 177|0x0000000711700000, 0x0000000711700000, 0x0000000711800000|  0%| F|  |TAMS 0x0000000711700000, 0x0000000711700000| Untracked 
| 178|0x0000000711800000, 0x0000000711800000, 0x0000000711900000|  0%| F|  |TAMS 0x0000000711800000, 0x0000000711800000| Untracked 
| 179|0x0000000711900000, 0x0000000711900000, 0x0000000711a00000|  0%| F|  |TAMS 0x0000000711900000, 0x0000000711900000| Untracked 
| 180|0x0000000711a00000, 0x0000000711a00000, 0x0000000711b00000|  0%| F|  |TAMS 0x0000000711a00000, 0x0000000711a00000| Untracked 
| 181|0x0000000711b00000, 0x0000000711b00000, 0x0000000711c00000|  0%| F|  |TAMS 0x0000000711b00000, 0x0000000711b00000| Untracked 
| 182|0x0000000711c00000, 0x0000000711c00000, 0x0000000711d00000|  0%| F|  |TAMS 0x0000000711c00000, 0x0000000711c00000| Untracked 
| 183|0x0000000711d00000, 0x0000000711d00000, 0x0000000711e00000|  0%| F|  |TAMS 0x0000000711d00000, 0x0000000711d00000| Untracked 
| 184|0x0000000711e00000, 0x0000000711e00000, 0x0000000711f00000|  0%| F|  |TAMS 0x0000000711e00000, 0x0000000711e00000| Untracked 
| 185|0x0000000711f00000, 0x0000000711f00000, 0x0000000712000000|  0%| F|  |TAMS 0x0000000711f00000, 0x0000000711f00000| Untracked 
| 186|0x0000000712000000, 0x0000000712000000, 0x0000000712100000|  0%| F|  |TAMS 0x0000000712000000, 0x0000000712000000| Untracked 
| 187|0x0000000712100000, 0x0000000712100000, 0x0000000712200000|  0%| F|  |TAMS 0x0000000712100000, 0x0000000712100000| Untracked 
| 188|0x0000000712200000, 0x0000000712200000, 0x0000000712300000|  0%| F|  |TAMS 0x0000000712200000, 0x0000000712200000| Untracked 
| 189|0x0000000712300000, 0x0000000712300000, 0x0000000712400000|  0%| F|  |TAMS 0x0000000712300000, 0x0000000712300000| Untracked 
| 190|0x0000000712400000, 0x0000000712400000, 0x0000000712500000|  0%| F|  |TAMS 0x0000000712400000, 0x0000000712400000| Untracked 
| 191|0x0000000712500000, 0x0000000712500000, 0x0000000712600000|  0%| F|  |TAMS 0x0000000712500000, 0x0000000712500000| Untracked 
| 192|0x0000000712600000, 0x0000000712600000, 0x0000000712700000|  0%| F|  |TAMS 0x0000000712600000, 0x0000000712600000| Untracked 
| 193|0x0000000712700000, 0x0000000712700000, 0x0000000712800000|  0%| F|  |TAMS 0x0000000712700000, 0x0000000712700000| Untracked 
| 194|0x0000000712800000, 0x0000000712800000, 0x0000000712900000|  0%| F|  |TAMS 0x0000000712800000, 0x0000000712800000| Untracked 
| 195|0x0000000712900000, 0x0000000712900000, 0x0000000712a00000|  0%| F|  |TAMS 0x0000000712900000, 0x0000000712900000| Untracked 
| 196|0x0000000712a00000, 0x0000000712a00000, 0x0000000712b00000|  0%| F|  |TAMS 0x0000000712a00000, 0x0000000712a00000| Untracked 
| 197|0x0000000712b00000, 0x0000000712b00000, 0x0000000712c00000|  0%| F|  |TAMS 0x0000000712b00000, 0x0000000712b00000| Untracked 
| 198|0x0000000712c00000, 0x0000000712c00000, 0x0000000712d00000|  0%| F|  |TAMS 0x0000000712c00000, 0x0000000712c00000| Untracked 
| 199|0x0000000712d00000, 0x0000000712d00000, 0x0000000712e00000|  0%| F|  |TAMS 0x0000000712d00000, 0x0000000712d00000| Untracked 
| 200|0x0000000712e00000, 0x0000000712e00000, 0x0000000712f00000|  0%| F|  |TAMS 0x0000000712e00000, 0x0000000712e00000| Untracked 
| 201|0x0000000712f00000, 0x0000000712f00000, 0x0000000713000000|  0%| F|  |TAMS 0x0000000712f00000, 0x0000000712f00000| Untracked 
| 202|0x0000000713000000, 0x0000000713000000, 0x0000000713100000|  0%| F|  |TAMS 0x0000000713000000, 0x0000000713000000| Untracked 
| 203|0x0000000713100000, 0x0000000713100000, 0x0000000713200000|  0%| F|  |TAMS 0x0000000713100000, 0x0000000713100000| Untracked 
| 204|0x0000000713200000, 0x0000000713200000, 0x0000000713300000|  0%| F|  |TAMS 0x0000000713200000, 0x0000000713200000| Untracked 
| 205|0x0000000713300000, 0x0000000713300000, 0x0000000713400000|  0%| F|  |TAMS 0x0000000713300000, 0x0000000713300000| Untracked 
| 206|0x0000000713400000, 0x0000000713400000, 0x0000000713500000|  0%| F|  |TAMS 0x0000000713400000, 0x0000000713400000| Untracked 
| 207|0x0000000713500000, 0x0000000713500000, 0x0000000713600000|  0%| F|  |TAMS 0x0000000713500000, 0x0000000713500000| Untracked 
| 208|0x0000000713600000, 0x0000000713600000, 0x0000000713700000|  0%| F|  |TAMS 0x0000000713600000, 0x0000000713600000| Untracked 
| 209|0x0000000713700000, 0x0000000713700000, 0x0000000713800000|  0%| F|  |TAMS 0x0000000713700000, 0x0000000713700000| Untracked 
| 210|0x0000000713800000, 0x0000000713800000, 0x0000000713900000|  0%| F|  |TAMS 0x0000000713800000, 0x0000000713800000| Untracked 
| 211|0x0000000713900000, 0x0000000713900000, 0x0000000713a00000|  0%| F|  |TAMS 0x0000000713900000, 0x0000000713900000| Untracked 
| 212|0x0000000713a00000, 0x0000000713a00000, 0x0000000713b00000|  0%| F|  |TAMS 0x0000000713a00000, 0x0000000713a00000| Untracked 
| 213|0x0000000713b00000, 0x0000000713b00000, 0x0000000713c00000|  0%| F|  |TAMS 0x0000000713b00000, 0x0000000713b00000| Untracked 
| 214|0x0000000713c00000, 0x0000000713c00000, 0x0000000713d00000|  0%| F|  |TAMS 0x0000000713c00000, 0x0000000713c00000| Untracked 
| 215|0x0000000713d00000, 0x0000000713d00000, 0x0000000713e00000|  0%| F|  |TAMS 0x0000000713d00000, 0x0000000713d00000| Untracked 
| 216|0x0000000713e00000, 0x0000000713e00000, 0x0000000713f00000|  0%| F|  |TAMS 0x0000000713e00000, 0x0000000713e00000| Untracked 
| 217|0x0000000713f00000, 0x0000000713f00000, 0x0000000714000000|  0%| F|  |TAMS 0x0000000713f00000, 0x0000000713f00000| Untracked 
| 218|0x0000000714000000, 0x0000000714000000, 0x0000000714100000|  0%| F|  |TAMS 0x0000000714000000, 0x0000000714000000| Untracked 
| 219|0x0000000714100000, 0x0000000714100000, 0x0000000714200000|  0%| F|  |TAMS 0x0000000714100000, 0x0000000714100000| Untracked 
| 220|0x0000000714200000, 0x0000000714200000, 0x0000000714300000|  0%| F|  |TAMS 0x0000000714200000, 0x0000000714200000| Untracked 
| 221|0x0000000714300000, 0x0000000714300000, 0x0000000714400000|  0%| F|  |TAMS 0x0000000714300000, 0x0000000714300000| Untracked 
| 222|0x0000000714400000, 0x0000000714400000, 0x0000000714500000|  0%| F|  |TAMS 0x0000000714400000, 0x0000000714400000| Untracked 
| 223|0x0000000714500000, 0x0000000714500000, 0x0000000714600000|  0%| F|  |TAMS 0x0000000714500000, 0x0000000714500000| Untracked 
| 224|0x0000000714600000, 0x0000000714600000, 0x0000000714700000|  0%| F|  |TAMS 0x0000000714600000, 0x0000000714600000| Untracked 
| 225|0x0000000714700000, 0x0000000714700000, 0x0000000714800000|  0%| F|  |TAMS 0x0000000714700000, 0x0000000714700000| Untracked 
| 226|0x0000000714800000, 0x0000000714800000, 0x0000000714900000|  0%| F|  |TAMS 0x0000000714800000, 0x0000000714800000| Untracked 
| 227|0x0000000714900000, 0x0000000714900000, 0x0000000714a00000|  0%| F|  |TAMS 0x0000000714900000, 0x0000000714900000| Untracked 
| 228|0x0000000714a00000, 0x0000000714a00000, 0x0000000714b00000|  0%| F|  |TAMS 0x0000000714a00000, 0x0000000714a00000| Untracked 
| 229|0x0000000714b00000, 0x0000000714b00000, 0x0000000714c00000|  0%| F|  |TAMS 0x0000000714b00000, 0x0000000714b00000| Untracked 
| 230|0x0000000714c00000, 0x0000000714c00000, 0x0000000714d00000|  0%| F|  |TAMS 0x0000000714c00000, 0x0000000714c00000| Untracked 
| 231|0x0000000714d00000, 0x0000000714d00000, 0x0000000714e00000|  0%| F|  |TAMS 0x0000000714d00000, 0x0000000714d00000| Untracked 
| 232|0x0000000714e00000, 0x0000000714e00000, 0x0000000714f00000|  0%| F|  |TAMS 0x0000000714e00000, 0x0000000714e00000| Untracked 
| 233|0x0000000714f00000, 0x0000000714f00000, 0x0000000715000000|  0%| F|  |TAMS 0x0000000714f00000, 0x0000000714f00000| Untracked 
| 234|0x0000000715000000, 0x0000000715000000, 0x0000000715100000|  0%| F|  |TAMS 0x0000000715000000, 0x0000000715000000| Untracked 
| 235|0x0000000715100000, 0x0000000715100000, 0x0000000715200000|  0%| F|  |TAMS 0x0000000715100000, 0x0000000715100000| Untracked 
| 236|0x0000000715200000, 0x0000000715200000, 0x0000000715300000|  0%| F|  |TAMS 0x0000000715200000, 0x0000000715200000| Untracked 
| 237|0x0000000715300000, 0x0000000715300000, 0x0000000715400000|  0%| F|  |TAMS 0x0000000715300000, 0x0000000715300000| Untracked 
| 238|0x0000000715400000, 0x0000000715400800, 0x0000000715500000|  0%| E|  |TAMS 0x0000000715400000, 0x0000000715400000| Complete 
| 239|0x0000000715500000, 0x0000000715600000, 0x0000000715600000|100%| E|CS|TAMS 0x0000000715500000, 0x0000000715500000| Complete 
| 240|0x0000000715600000, 0x0000000715700000, 0x0000000715700000|100%| E|CS|TAMS 0x0000000715600000, 0x0000000715600000| Complete 
| 241|0x0000000715700000, 0x0000000715800000, 0x0000000715800000|100%| E|CS|TAMS 0x0000000715700000, 0x0000000715700000| Complete 
| 242|0x0000000715800000, 0x0000000715900000, 0x0000000715900000|100%| E|CS|TAMS 0x0000000715800000, 0x0000000715800000| Complete 
| 243|0x0000000715900000, 0x0000000715a00000, 0x0000000715a00000|100%| E|CS|TAMS 0x0000000715900000, 0x0000000715900000| Complete 
| 244|0x0000000715a00000, 0x0000000715b00000, 0x0000000715b00000|100%| E|CS|TAMS 0x0000000715a00000, 0x0000000715a00000| Complete 
| 245|0x0000000715b00000, 0x0000000715c00000, 0x0000000715c00000|100%| E|CS|TAMS 0x0000000715b00000, 0x0000000715b00000| Complete 
| 246|0x0000000715c00000, 0x0000000715d00000, 0x0000000715d00000|100%| E|CS|TAMS 0x0000000715c00000, 0x0000000715c00000| Complete 
| 247|0x0000000715d00000, 0x0000000715e00000, 0x0000000715e00000|100%| E|CS|TAMS 0x0000000715d00000, 0x0000000715d00000| Complete 
| 248|0x0000000715e00000, 0x0000000715f00000, 0x0000000715f00000|100%| E|CS|TAMS 0x0000000715e00000, 0x0000000715e00000| Complete 
| 249|0x0000000715f00000, 0x0000000716000000, 0x0000000716000000|100%| E|CS|TAMS 0x0000000715f00000, 0x0000000715f00000| Complete 
| 250|0x0000000716000000, 0x0000000716100000, 0x0000000716100000|100%| E|CS|TAMS 0x0000000716000000, 0x0000000716000000| Complete 
| 251|0x0000000716100000, 0x0000000716200000, 0x0000000716200000|100%| E|CS|TAMS 0x0000000716100000, 0x0000000716100000| Complete 
| 252|0x0000000716200000, 0x0000000716300000, 0x0000000716300000|100%| E|CS|TAMS 0x0000000716200000, 0x0000000716200000| Complete 
| 253|0x0000000716300000, 0x0000000716400000, 0x0000000716400000|100%| E|CS|TAMS 0x0000000716300000, 0x0000000716300000| Complete 
| 254|0x0000000716400000, 0x0000000716500000, 0x0000000716500000|100%| E|CS|TAMS 0x0000000716400000, 0x0000000716400000| Complete 
| 255|0x0000000716500000, 0x0000000716600000, 0x0000000716600000|100%| E|CS|TAMS 0x0000000716500000, 0x0000000716500000| Complete 
| 256|0x0000000716600000, 0x0000000716700000, 0x0000000716700000|100%| E|CS|TAMS 0x0000000716600000, 0x0000000716600000| Complete 
| 257|0x0000000716700000, 0x0000000716800000, 0x0000000716800000|100%| E|CS|TAMS 0x0000000716700000, 0x0000000716700000| Complete 
| 258|0x0000000716800000, 0x0000000716900000, 0x0000000716900000|100%| E|CS|TAMS 0x0000000716800000, 0x0000000716800000| Complete 
| 259|0x0000000716900000, 0x0000000716a00000, 0x0000000716a00000|100%| E|CS|TAMS 0x0000000716900000, 0x0000000716900000| Complete 
| 260|0x0000000716a00000, 0x0000000716b00000, 0x0000000716b00000|100%| E|CS|TAMS 0x0000000716a00000, 0x0000000716a00000| Complete 
| 261|0x0000000716b00000, 0x0000000716c00000, 0x0000000716c00000|100%| E|CS|TAMS 0x0000000716b00000, 0x0000000716b00000| Complete 
| 262|0x0000000716c00000, 0x0000000716d00000, 0x0000000716d00000|100%| E|CS|TAMS 0x0000000716c00000, 0x0000000716c00000| Complete 
| 263|0x0000000716d00000, 0x0000000716e00000, 0x0000000716e00000|100%| E|CS|TAMS 0x0000000716d00000, 0x0000000716d00000| Complete 
| 264|0x0000000716e00000, 0x0000000716f00000, 0x0000000716f00000|100%| E|CS|TAMS 0x0000000716e00000, 0x0000000716e00000| Complete 
| 265|0x0000000716f00000, 0x0000000717000000, 0x0000000717000000|100%| E|CS|TAMS 0x0000000716f00000, 0x0000000716f00000| Complete 
| 266|0x0000000717000000, 0x0000000717100000, 0x0000000717100000|100%| E|CS|TAMS 0x0000000717000000, 0x0000000717000000| Complete 
| 267|0x0000000717100000, 0x0000000717200000, 0x0000000717200000|100%| E|CS|TAMS 0x0000000717100000, 0x0000000717100000| Complete 
| 268|0x0000000717200000, 0x0000000717300000, 0x0000000717300000|100%| E|CS|TAMS 0x0000000717200000, 0x0000000717200000| Complete 
| 269|0x0000000717300000, 0x0000000717400000, 0x0000000717400000|100%| E|CS|TAMS 0x0000000717300000, 0x0000000717300000| Complete 
| 270|0x0000000717400000, 0x0000000717500000, 0x0000000717500000|100%| E|CS|TAMS 0x0000000717400000, 0x0000000717400000| Complete 
| 271|0x0000000717500000, 0x0000000717600000, 0x0000000717600000|100%| E|CS|TAMS 0x0000000717500000, 0x0000000717500000| Complete 
| 272|0x0000000717600000, 0x0000000717700000, 0x0000000717700000|100%| E|CS|TAMS 0x0000000717600000, 0x0000000717600000| Complete 
| 273|0x0000000717700000, 0x0000000717800000, 0x0000000717800000|100%| E|CS|TAMS 0x0000000717700000, 0x0000000717700000| Complete 
| 274|0x0000000717800000, 0x0000000717900000, 0x0000000717900000|100%| E|CS|TAMS 0x0000000717800000, 0x0000000717800000| Complete 
| 275|0x0000000717900000, 0x0000000717a00000, 0x0000000717a00000|100%| E|CS|TAMS 0x0000000717900000, 0x0000000717900000| Complete 
| 276|0x0000000717a00000, 0x0000000717b00000, 0x0000000717b00000|100%| E|CS|TAMS 0x0000000717a00000, 0x0000000717a00000| Complete 
| 277|0x0000000717b00000, 0x0000000717c00000, 0x0000000717c00000|100%| E|CS|TAMS 0x0000000717b00000, 0x0000000717b00000| Complete 
| 278|0x0000000717c00000, 0x0000000717d00000, 0x0000000717d00000|100%| E|CS|TAMS 0x0000000717c00000, 0x0000000717c00000| Complete 
| 279|0x0000000717d00000, 0x0000000717e00000, 0x0000000717e00000|100%| E|CS|TAMS 0x0000000717d00000, 0x0000000717d00000| Complete 
| 280|0x0000000717e00000, 0x0000000717f00000, 0x0000000717f00000|100%| E|CS|TAMS 0x0000000717e00000, 0x0000000717e00000| Complete 
| 281|0x0000000717f00000, 0x0000000718000000, 0x0000000718000000|100%| E|CS|TAMS 0x0000000717f00000, 0x0000000717f00000| Complete 
| 282|0x0000000718000000, 0x0000000718100000, 0x0000000718100000|100%| E|CS|TAMS 0x0000000718000000, 0x0000000718000000| Complete 
| 283|0x0000000718100000, 0x0000000718200000, 0x0000000718200000|100%| E|CS|TAMS 0x0000000718100000, 0x0000000718100000| Complete 
| 284|0x0000000718200000, 0x0000000718300000, 0x0000000718300000|100%| E|CS|TAMS 0x0000000718200000, 0x0000000718200000| Complete 
| 285|0x0000000718300000, 0x0000000718400000, 0x0000000718400000|100%| E|CS|TAMS 0x0000000718300000, 0x0000000718300000| Complete 
| 286|0x0000000718400000, 0x0000000718500000, 0x0000000718500000|100%| E|CS|TAMS 0x0000000718400000, 0x0000000718400000| Complete 
| 287|0x0000000718500000, 0x0000000718600000, 0x0000000718600000|100%| E|CS|TAMS 0x0000000718500000, 0x0000000718500000| Complete 
| 288|0x0000000718600000, 0x0000000718700000, 0x0000000718700000|100%| E|CS|TAMS 0x0000000718600000, 0x0000000718600000| Complete 
| 289|0x0000000718700000, 0x0000000718800000, 0x0000000718800000|100%| E|CS|TAMS 0x0000000718700000, 0x0000000718700000| Complete 
| 290|0x0000000718800000, 0x0000000718900000, 0x0000000718900000|100%| E|CS|TAMS 0x0000000718800000, 0x0000000718800000| Complete 
| 291|0x0000000718900000, 0x0000000718a00000, 0x0000000718a00000|100%| E|CS|TAMS 0x0000000718900000, 0x0000000718900000| Complete 
| 292|0x0000000718a00000, 0x0000000718b00000, 0x0000000718b00000|100%| E|CS|TAMS 0x0000000718a00000, 0x0000000718a00000| Complete 
| 293|0x0000000718b00000, 0x0000000718c00000, 0x0000000718c00000|100%| E|CS|TAMS 0x0000000718b00000, 0x0000000718b00000| Complete 
| 294|0x0000000718c00000, 0x0000000718d00000, 0x0000000718d00000|100%| E|CS|TAMS 0x0000000718c00000, 0x0000000718c00000| Complete 
| 295|0x0000000718d00000, 0x0000000718e00000, 0x0000000718e00000|100%| E|CS|TAMS 0x0000000718d00000, 0x0000000718d00000| Complete 
| 296|0x0000000718e00000, 0x0000000718f00000, 0x0000000718f00000|100%| E|CS|TAMS 0x0000000718e00000, 0x0000000718e00000| Complete 
| 297|0x0000000718f00000, 0x0000000719000000, 0x0000000719000000|100%| E|CS|TAMS 0x0000000718f00000, 0x0000000718f00000| Complete 
| 298|0x0000000719000000, 0x0000000719100000, 0x0000000719100000|100%| E|CS|TAMS 0x0000000719000000, 0x0000000719000000| Complete 
| 299|0x0000000719100000, 0x0000000719200000, 0x0000000719200000|100%| E|CS|TAMS 0x0000000719100000, 0x0000000719100000| Complete 
| 300|0x0000000719200000, 0x0000000719300000, 0x0000000719300000|100%| E|CS|TAMS 0x0000000719200000, 0x0000000719200000| Complete 
| 301|0x0000000719300000, 0x0000000719400000, 0x0000000719400000|100%| E|CS|TAMS 0x0000000719300000, 0x0000000719300000| Complete 
| 302|0x0000000719400000, 0x0000000719500000, 0x0000000719500000|100%| E|CS|TAMS 0x0000000719400000, 0x0000000719400000| Complete 
| 303|0x0000000719500000, 0x0000000719600000, 0x0000000719600000|100%| E|CS|TAMS 0x0000000719500000, 0x0000000719500000| Complete 
| 304|0x0000000719600000, 0x0000000719700000, 0x0000000719700000|100%| E|CS|TAMS 0x0000000719600000, 0x0000000719600000| Complete 
| 305|0x0000000719700000, 0x0000000719800000, 0x0000000719800000|100%| E|CS|TAMS 0x0000000719700000, 0x0000000719700000| Complete 
| 306|0x0000000719800000, 0x0000000719900000, 0x0000000719900000|100%| E|CS|TAMS 0x0000000719800000, 0x0000000719800000| Complete 
| 307|0x0000000719900000, 0x0000000719a00000, 0x0000000719a00000|100%| E|CS|TAMS 0x0000000719900000, 0x0000000719900000| Complete 
| 308|0x0000000719a00000, 0x0000000719b00000, 0x0000000719b00000|100%| E|CS|TAMS 0x0000000719a00000, 0x0000000719a00000| Complete 
| 309|0x0000000719b00000, 0x0000000719c00000, 0x0000000719c00000|100%| E|CS|TAMS 0x0000000719b00000, 0x0000000719b00000| Complete 
| 310|0x0000000719c00000, 0x0000000719d00000, 0x0000000719d00000|100%| E|CS|TAMS 0x0000000719c00000, 0x0000000719c00000| Complete 
| 311|0x0000000719d00000, 0x0000000719e00000, 0x0000000719e00000|100%| E|CS|TAMS 0x0000000719d00000, 0x0000000719d00000| Complete 
| 312|0x0000000719e00000, 0x0000000719f00000, 0x0000000719f00000|100%| E|CS|TAMS 0x0000000719e00000, 0x0000000719e00000| Complete 
| 313|0x0000000719f00000, 0x000000071a000000, 0x000000071a000000|100%| E|CS|TAMS 0x0000000719f00000, 0x0000000719f00000| Complete 
| 314|0x000000071a000000, 0x000000071a100000, 0x000000071a100000|100%| E|CS|TAMS 0x000000071a000000, 0x000000071a000000| Complete 
| 315|0x000000071a100000, 0x000000071a200000, 0x000000071a200000|100%| E|CS|TAMS 0x000000071a100000, 0x000000071a100000| Complete 
| 316|0x000000071a200000, 0x000000071a300000, 0x000000071a300000|100%| E|CS|TAMS 0x000000071a200000, 0x000000071a200000| Complete 
| 317|0x000000071a300000, 0x000000071a400000, 0x000000071a400000|100%| E|CS|TAMS 0x000000071a300000, 0x000000071a300000| Complete 
| 318|0x000000071a400000, 0x000000071a500000, 0x000000071a500000|100%| E|CS|TAMS 0x000000071a400000, 0x000000071a400000| Complete 
| 319|0x000000071a500000, 0x000000071a600000, 0x000000071a600000|100%| E|CS|TAMS 0x000000071a500000, 0x000000071a500000| Complete 
| 320|0x000000071a600000, 0x000000071a700000, 0x000000071a700000|100%| E|CS|TAMS 0x000000071a600000, 0x000000071a600000| Complete 
| 321|0x000000071a700000, 0x000000071a800000, 0x000000071a800000|100%| E|CS|TAMS 0x000000071a700000, 0x000000071a700000| Complete 
| 322|0x000000071a800000, 0x000000071a900000, 0x000000071a900000|100%| E|CS|TAMS 0x000000071a800000, 0x000000071a800000| Complete 
| 323|0x000000071a900000, 0x000000071aa00000, 0x000000071aa00000|100%| E|CS|TAMS 0x000000071a900000, 0x000000071a900000| Complete 
| 324|0x000000071aa00000, 0x000000071ab00000, 0x000000071ab00000|100%| E|CS|TAMS 0x000000071aa00000, 0x000000071aa00000| Complete 
| 325|0x000000071ab00000, 0x000000071ac00000, 0x000000071ac00000|100%| E|CS|TAMS 0x000000071ab00000, 0x000000071ab00000| Complete 
| 326|0x000000071ac00000, 0x000000071ad00000, 0x000000071ad00000|100%| E|CS|TAMS 0x000000071ac00000, 0x000000071ac00000| Complete 
| 327|0x000000071ad00000, 0x000000071ae00000, 0x000000071ae00000|100%| E|CS|TAMS 0x000000071ad00000, 0x000000071ad00000| Complete 
| 328|0x000000071ae00000, 0x000000071af00000, 0x000000071af00000|100%| E|CS|TAMS 0x000000071ae00000, 0x000000071ae00000| Complete 
| 329|0x000000071af00000, 0x000000071b000000, 0x000000071b000000|100%| E|CS|TAMS 0x000000071af00000, 0x000000071af00000| Complete 
| 330|0x000000071b000000, 0x000000071b100000, 0x000000071b100000|100%| E|CS|TAMS 0x000000071b000000, 0x000000071b000000| Complete 
| 331|0x000000071b100000, 0x000000071b200000, 0x000000071b200000|100%| E|CS|TAMS 0x000000071b100000, 0x000000071b100000| Complete 
| 332|0x000000071b200000, 0x000000071b300000, 0x000000071b300000|100%| E|CS|TAMS 0x000000071b200000, 0x000000071b200000| Complete 
| 333|0x000000071b300000, 0x000000071b400000, 0x000000071b400000|100%| E|CS|TAMS 0x000000071b300000, 0x000000071b300000| Complete 
| 334|0x000000071b400000, 0x000000071b500000, 0x000000071b500000|100%| E|CS|TAMS 0x000000071b400000, 0x000000071b400000| Complete 
| 335|0x000000071b500000, 0x000000071b600000, 0x000000071b600000|100%| E|CS|TAMS 0x000000071b500000, 0x000000071b500000| Complete 
| 336|0x000000071b600000, 0x000000071b700000, 0x000000071b700000|100%| E|CS|TAMS 0x000000071b600000, 0x000000071b600000| Complete 
| 337|0x000000071b700000, 0x000000071b800000, 0x000000071b800000|100%| E|CS|TAMS 0x000000071b700000, 0x000000071b700000| Complete 
| 338|0x000000071b800000, 0x000000071b900000, 0x000000071b900000|100%| E|CS|TAMS 0x000000071b800000, 0x000000071b800000| Complete 
| 339|0x000000071b900000, 0x000000071ba00000, 0x000000071ba00000|100%| E|CS|TAMS 0x000000071b900000, 0x000000071b900000| Complete 
| 340|0x000000071ba00000, 0x000000071bb00000, 0x000000071bb00000|100%| E|CS|TAMS 0x000000071ba00000, 0x000000071ba00000| Complete 
| 341|0x000000071bb00000, 0x000000071bc00000, 0x000000071bc00000|100%| E|CS|TAMS 0x000000071bb00000, 0x000000071bb00000| Complete 
| 342|0x000000071bc00000, 0x000000071bd00000, 0x000000071bd00000|100%| E|CS|TAMS 0x000000071bc00000, 0x000000071bc00000| Complete 
| 343|0x000000071bd00000, 0x000000071be00000, 0x000000071be00000|100%| E|CS|TAMS 0x000000071bd00000, 0x000000071bd00000| Complete 
| 344|0x000000071be00000, 0x000000071bf00000, 0x000000071bf00000|100%| E|CS|TAMS 0x000000071be00000, 0x000000071be00000| Complete 
| 345|0x000000071bf00000, 0x000000071c000000, 0x000000071c000000|100%| E|CS|TAMS 0x000000071bf00000, 0x000000071bf00000| Complete 
| 346|0x000000071c000000, 0x000000071c100000, 0x000000071c100000|100%| E|CS|TAMS 0x000000071c000000, 0x000000071c000000| Complete 
| 347|0x000000071c100000, 0x000000071c200000, 0x000000071c200000|100%| E|CS|TAMS 0x000000071c100000, 0x000000071c100000| Complete 
| 348|0x000000071c200000, 0x000000071c300000, 0x000000071c300000|100%| E|CS|TAMS 0x000000071c200000, 0x000000071c200000| Complete 
| 349|0x000000071c300000, 0x000000071c400000, 0x000000071c400000|100%| E|CS|TAMS 0x000000071c300000, 0x000000071c300000| Complete 
| 350|0x000000071c400000, 0x000000071c500000, 0x000000071c500000|100%| E|CS|TAMS 0x000000071c400000, 0x000000071c400000| Complete 
| 351|0x000000071c500000, 0x000000071c600000, 0x000000071c600000|100%| E|CS|TAMS 0x000000071c500000, 0x000000071c500000| Complete 
| 352|0x000000071c600000, 0x000000071c700000, 0x000000071c700000|100%| E|CS|TAMS 0x000000071c600000, 0x000000071c600000| Complete 
| 353|0x000000071c700000, 0x000000071c800000, 0x000000071c800000|100%| E|CS|TAMS 0x000000071c700000, 0x000000071c700000| Complete 
| 354|0x000000071c800000, 0x000000071c900000, 0x000000071c900000|100%| E|CS|TAMS 0x000000071c800000, 0x000000071c800000| Complete 
| 355|0x000000071c900000, 0x000000071ca00000, 0x000000071ca00000|100%| E|CS|TAMS 0x000000071c900000, 0x000000071c900000| Complete 
| 356|0x000000071ca00000, 0x000000071cb00000, 0x000000071cb00000|100%| E|CS|TAMS 0x000000071ca00000, 0x000000071ca00000| Complete 
| 357|0x000000071cb00000, 0x000000071cc00000, 0x000000071cc00000|100%| E|CS|TAMS 0x000000071cb00000, 0x000000071cb00000| Complete 
| 358|0x000000071cc00000, 0x000000071cd00000, 0x000000071cd00000|100%| E|CS|TAMS 0x000000071cc00000, 0x000000071cc00000| Complete 
| 359|0x000000071cd00000, 0x000000071ce00000, 0x000000071ce00000|100%| E|CS|TAMS 0x000000071cd00000, 0x000000071cd00000| Complete 
| 360|0x000000071ce00000, 0x000000071cf00000, 0x000000071cf00000|100%| E|CS|TAMS 0x000000071ce00000, 0x000000071ce00000| Complete 
| 361|0x000000071cf00000, 0x000000071d000000, 0x000000071d000000|100%| E|CS|TAMS 0x000000071cf00000, 0x000000071cf00000| Complete 
| 362|0x000000071d000000, 0x000000071d100000, 0x000000071d100000|100%| E|CS|TAMS 0x000000071d000000, 0x000000071d000000| Complete 
| 363|0x000000071d100000, 0x000000071d200000, 0x000000071d200000|100%| E|CS|TAMS 0x000000071d100000, 0x000000071d100000| Complete 
| 364|0x000000071d200000, 0x000000071d300000, 0x000000071d300000|100%| E|CS|TAMS 0x000000071d200000, 0x000000071d200000| Complete 
| 365|0x000000071d300000, 0x000000071d400000, 0x000000071d400000|100%| E|CS|TAMS 0x000000071d300000, 0x000000071d300000| Complete 
| 366|0x000000071d400000, 0x000000071d500000, 0x000000071d500000|100%| E|CS|TAMS 0x000000071d400000, 0x000000071d400000| Complete 
| 367|0x000000071d500000, 0x000000071d600000, 0x000000071d600000|100%| E|CS|TAMS 0x000000071d500000, 0x000000071d500000| Complete 
| 368|0x000000071d600000, 0x000000071d700000, 0x000000071d700000|100%| E|CS|TAMS 0x000000071d600000, 0x000000071d600000| Complete 
| 369|0x000000071d700000, 0x000000071d800000, 0x000000071d800000|100%| E|CS|TAMS 0x000000071d700000, 0x000000071d700000| Complete 
| 370|0x000000071d800000, 0x000000071d900000, 0x000000071d900000|100%| E|CS|TAMS 0x000000071d800000, 0x000000071d800000| Complete 
| 371|0x000000071d900000, 0x000000071da00000, 0x000000071da00000|100%| E|CS|TAMS 0x000000071d900000, 0x000000071d900000| Complete 
| 372|0x000000071da00000, 0x000000071db00000, 0x000000071db00000|100%| E|CS|TAMS 0x000000071da00000, 0x000000071da00000| Complete 
| 373|0x000000071db00000, 0x000000071dc00000, 0x000000071dc00000|100%| E|CS|TAMS 0x000000071db00000, 0x000000071db00000| Complete 

Card table byte_map: [0x0000011274e20000,0x00000112755f0000] _byte_map_base: 0x00000112715ed000

Marking Bits (Prev, Next): (CMBitMap*) 0x000001125dcb8340, (CMBitMap*) 0x000001125dcb8308
 Prev Bits: [0x0000011279c30000, 0x000001127da98000)
 Next Bits: [0x0000011275dc0000, 0x0000011279c28000)

Polling page: 0x000001125d420000

Metaspace:

Usage:
  Non-class:     22.09 MB capacity,    21.87 MB (>99%) used,   171.93 KB ( <1%) free+waste,    53.12 KB ( <1%) overhead. 
      Class:      2.25 MB capacity,     2.07 MB ( 92%) used,   159.91 KB (  7%) free+waste,    25.69 KB (  1%) overhead. 
       Both:     24.34 MB capacity,    23.94 MB ( 98%) used,   331.84 KB (  1%) free+waste,    78.81 KB ( <1%) overhead. 

Virtual space:
  Non-class space:       24.00 MB reserved,      22.17 MB ( 92%) committed 
      Class space:        1.00 GB reserved,       2.25 MB ( <1%) committed 
             Both:        1.02 GB reserved,      24.42 MB (  2%) committed 

Chunk freelists:
   Non-Class:  10.62 KB
       Class:  256 bytes
        Both:  10.88 KB

CodeHeap 'non-profiled nmethods': size=120000Kb used=1984Kb max_used=1984Kb free=118015Kb
 bounds [0x000001126cdf0000, 0x000001126d060000, 0x0000011274320000]
CodeHeap 'profiled nmethods': size=120000Kb used=5731Kb max_used=5731Kb free=114268Kb
 bounds [0x00000112658c0000, 0x0000011265e60000, 0x000001126cdf0000]
CodeHeap 'non-nmethods': size=5760Kb used=1501Kb max_used=1541Kb free=4258Kb
 bounds [0x0000011265320000, 0x0000011265590000, 0x00000112658c0000]
 total_blobs=3662 nmethods=2669 adapters=904
 compilation: enabled
              stopped_count=0, restarted_count=0
 full_count=0

Compilation events (10 events):
Event: 145.744 Thread 0x0000011200f32000 2672       4       a3.Renderer::setLightStatus (22 bytes)
Event: 145.748 Thread 0x0000011200f32000 nmethod 2672 0x000001126cfd8690 code [0x000001126cfd8860, 0x000001126cfd8b28]
Event: 145.748 Thread 0x0000011200f32000 2673       4       a3.Code::renderWorldObjects (29 bytes)
Event: 145.874 Thread 0x0000011200f32000 nmethod 2673 0x000001126cfd8e90 code [0x000001126cfd9340, 0x000001126cfdc0a8]
Event: 147.880 Thread 0x0000011200f32000 2674       4       a3.Renderer::setGoldMaterial (29 bytes)
Event: 147.889 Thread 0x0000011200f32000 nmethod 2674 0x000001126cfdda90 code [0x000001126cfddc20, 0x000001126cfde0b8]
Event: 157.283 Thread 0x0000011200f32000 2675       4       a3.Renderer::renderWorldObject (107 bytes)
Event: 157.359 Thread 0x0000011200f32000 nmethod 2675 0x000001126cfde210 code [0x000001126cfde480, 0x000001126cfdf030]
Event: 163.683 Thread 0x0000011200f32000 2676       4       org.joml.Matrix4f::transpose (31 bytes)
Event: 163.686 Thread 0x0000011200f32000 nmethod 2676 0x000001126cfdfe90 code [0x000001126cfe0000, 0x000001126cfe0158]

GC Heap History (10 events):
Event: 2.387 GC heap before
{Heap before GC invocations=5 (full 0):
 garbage-first heap   total 256000K, used 103764K [0x0000000706600000, 0x0000000800000000)
  region size 1024K, 81 young (82944K), 6 survivors (6144K)
 Metaspace       used 22253K, capacity 22672K, committed 22832K, reserved 1071104K
  class space    used 1956K, capacity 2173K, committed 2176K, reserved 1048576K
}
Event: 2.404 GC heap after
{Heap after GC invocations=6 (full 0):
 garbage-first heap   total 256000K, used 33642K [0x0000000706600000, 0x0000000800000000)
  region size 1024K, 11 young (11264K), 11 survivors (11264K)
 Metaspace       used 22253K, capacity 22672K, committed 22832K, reserved 1071104K
  class space    used 1956K, capacity 2173K, committed 2176K, reserved 1048576K
}
Event: 2.488 GC heap before
{Heap before GC invocations=6 (full 0):
 garbage-first heap   total 256000K, used 123754K [0x0000000706600000, 0x0000000800000000)
  region size 1024K, 89 young (91136K), 11 survivors (11264K)
 Metaspace       used 22264K, capacity 22736K, committed 22832K, reserved 1071104K
  class space    used 1956K, capacity 2173K, committed 2176K, reserved 1048576K
}
Event: 2.511 GC heap after
{Heap after GC invocations=7 (full 0):
 garbage-first heap   total 256000K, used 45035K [0x0000000706600000, 0x0000000800000000)
  region size 1024K, 8 young (8192K), 8 survivors (8192K)
 Metaspace       used 22264K, capacity 22736K, committed 22832K, reserved 1071104K
  class space    used 1956K, capacity 2173K, committed 2176K, reserved 1048576K
}
Event: 2.634 GC heap before
{Heap before GC invocations=7 (full 0):
 garbage-first heap   total 256000K, used 180203K [0x0000000706600000, 0x0000000800000000)
  region size 1024K, 120 young (122880K), 8 survivors (8192K)
 Metaspace       used 22264K, capacity 22736K, committed 22832K, reserved 1071104K
  class space    used 1956K, capacity 2173K, committed 2176K, reserved 1048576K
}
Event: 2.668 GC heap after
{Heap after GC invocations=8 (full 0):
 garbage-first heap   total 382976K, used 67600K [0x0000000706600000, 0x0000000800000000)
  region size 1024K, 10 young (10240K), 10 survivors (10240K)
 Metaspace       used 22264K, capacity 22736K, committed 22832K, reserved 1071104K
  class space    used 1956K, capacity 2173K, committed 2176K, reserved 1048576K
}
Event: 3.216 GC heap before
{Heap before GC invocations=8 (full 0):
 garbage-first heap   total 382976K, used 126992K [0x0000000706600000, 0x0000000800000000)
  region size 1024K, 57 young (58368K), 10 survivors (10240K)
 Metaspace       used 22904K, capacity 23312K, committed 23472K, reserved 1071104K
  class space    used 2024K, capacity 2237K, committed 2304K, reserved 1048576K
}
Event: 3.262 GC heap after
{Heap after GC invocations=9 (full 0):
 garbage-first heap   total 382976K, used 84070K [0x0000000706600000, 0x0000000800000000)
  region size 1024K, 8 young (8192K), 8 survivors (8192K)
 Metaspace       used 22904K, capacity 23312K, committed 23472K, reserved 1071104K
  class space    used 2024K, capacity 2237K, committed 2304K, reserved 1048576K
}
Event: 5.798 GC heap before
{Heap before GC invocations=9 (full 0):
 garbage-first heap   total 382976K, used 331878K [0x0000000706600000, 0x0000000800000000)
  region size 1024K, 201 young (205824K), 8 survivors (8192K)
 Metaspace       used 23474K, capacity 23856K, committed 23984K, reserved 1071104K
  class space    used 2086K, capacity 2269K, committed 2304K, reserved 1048576K
}
Event: 5.805 GC heap after
{Heap after GC invocations=10 (full 0):
 garbage-first heap   total 382976K, used 135033K [0x0000000706600000, 0x0000000800000000)
  region size 1024K, 9 young (9216K), 9 survivors (9216K)
 Metaspace       used 23474K, capacity 23856K, committed 23984K, reserved 1071104K
  class space    used 2086K, capacity 2269K, committed 2304K, reserved 1048576K
}

Deoptimization events (10 events):
Event: 5.216 Thread 0x0000011203ff1800 Uncommon trap: reason=unstable_if action=reinterpret pc=0x000001126ceae59c method=java.lang.Math.min(FF)F @ 37 c2
Event: 5.553 Thread 0x0000011203ff1800 Uncommon trap: reason=unstable_if action=reinterpret pc=0x000001126cf1275c method=sun.java2d.loops.OpaqueCopyAnyToArgb.Blit(Lsun/java2d/SurfaceData;Lsun/java2d/SurfaceData;Ljava/awt/Composite;Lsun/java2d/pipe/Region;IIIIII)V @ 150 c2
Event: 5.617 Thread 0x0000011203ff1800 Uncommon trap: reason=unstable_if action=reinterpret pc=0x000001126cf15eec method=sun.java2d.loops.OpaqueCopyArgbToAny.Blit(Lsun/java2d/SurfaceData;Lsun/java2d/SurfaceData;Ljava/awt/Composite;Lsun/java2d/pipe/Region;IIIIII)V @ 159 c2
Event: 5.620 Thread 0x0000011203ff1800 Uncommon trap: reason=unstable_if action=reinterpret pc=0x000001126cf14be0 method=java.awt.image.ComponentColorModel.getDataElements(ILjava/lang/Object;)Ljava/lang/Object; @ 30 c2
Event: 5.622 Thread 0x0000011203ff1800 Uncommon trap: reason=unstable_if action=reinterpret pc=0x000001126cf0fc70 method=sun.awt.image.ByteInterleavedRaster.getDataElements(IILjava/lang/Object;)Ljava/lang/Object; @ 43 c2
Event: 50.183 Thread 0x0000011203ff1800 Uncommon trap: reason=unstable_if action=reinterpret pc=0x000001126cf56220 method=java.security.AccessControlContext.combine([Ljava/security/ProtectionDomain;[Ljava/security/ProtectionDomain;)[Ljava/security/ProtectionDomain; @ 108 c2
Event: 219.785 Thread 0x00000112044fe800 Uncommon trap: reason=class_check action=maybe_recompile pc=0x000001126cf81d88 method=jogamp.opengl.GLDrawableImpl.lockSurface()I @ 4 c2
Event: 219.786 Thread 0x00000112044fe800 Uncommon trap: reason=class_check action=maybe_recompile pc=0x000001126cfa89a0 method=jogamp.opengl.GLDrawableImpl.lockSurface()I @ 4 c2
Event: 219.786 Thread 0x00000112044fe800 Uncommon trap: reason=class_check action=maybe_recompile pc=0x000001126cfaa3f0 method=jogamp.opengl.GLDrawableImpl.getHandle()J @ 4 c2
Event: 219.840 Thread 0x00000112044fe800 Uncommon trap: reason=unstable_if action=reinterpret pc=0x000001126cfac538 method=jogamp.opengl.GLContextImpl.release(Z)V @ 161 c2

Classes redefined (0 events):
No events

Internal exceptions (10 events):
Event: 0.852 Thread 0x000001125dc4b000 Exception <a 'java/lang/NoSuchMethodError'{0x000000071543a110}: java.lang.invoke.DirectMethodHandle$Holder.invokeStaticInit(Ljava/lang/Object;Ljava/lang/Object;JLjava/lang/Object;)Ljava/lang/Object;> (0x000000071543a110) thrown at [./open/src/hotspot/shar
Event: 0.853 Thread 0x000001125dc4b000 Exception <a 'java/lang/NoSuchMethodError'{0x000000071543ffb8}: java.lang.invoke.DirectMethodHandle$Holder.invokeStatic(Ljava/lang/Object;Ljava/lang/Object;J)Ljava/lang/Object;> (0x000000071543ffb8) thrown at [./open/src/hotspot/share/interpreter/linkReso
Event: 0.853 Thread 0x000001125dc4b000 Exception <a 'java/lang/NoSuchMethodError'{0x0000000715446288}: java.lang.invoke.Invokers$Holder.linkToTargetMethod(Ljava/lang/Object;JLjava/lang/Object;)Ljava/lang/Object;> (0x0000000715446288) thrown at [./open/src/hotspot/share/interpreter/linkResolver
Event: 1.620 Thread 0x000001125dc4b000 Exception <a 'java/lang/NoSuchMethodError'{0x000000071571f9b8}: java.lang.invoke.DirectMethodHandle$Holder.invokeStaticInit(Ljava/lang/Object;)V> (0x000000071571f9b8) thrown at [./open/src/hotspot/share/interpreter/linkResolver.cpp, line 772]
Event: 1.661 Thread 0x000001125dc4b000 Exception <a 'java/lang/NoSuchMethodError'{0x00000007156e58f8}: java.lang.invoke.DirectMethodHandle$Holder.invokeStatic(Ljava/lang/Object;Ljava/lang/Object;Ljava/lang/Object;Ljava/lang/Object;Ljava/lang/Object;Ljava/lang/Object;Ljava/lang/Object;Ljava/lan
Event: 1.662 Thread 0x000001125dc4b000 Exception <a 'java/lang/NoSuchMethodError'{0x0000000715503fa8}: java.lang.invoke.DirectMethodHandle$Holder.invokeStatic(Ljava/lang/Object;Ljava/lang/Object;Ljava/lang/Object;Ljava/lang/Object;Ljava/lang/Object;Ljava/lang/Object;Ljava/lang/Object;Ljava/lan
Event: 1.663 Thread 0x000001125dc4b000 Exception <a 'java/lang/NoSuchMethodError'{0x0000000715522f38}: java.lang.invoke.DirectMethodHandle$Holder.invokeStatic(Ljava/lang/Object;Ljava/lang/Object;Ljava/lang/Object;Ljava/lang/Object;Ljava/lang/Object;Ljava/lang/Object;Ljava/lang/Object;Ljava/lan
Event: 1.663 Thread 0x000001125dc4b000 Exception <a 'java/lang/NoSuchMethodError'{0x000000071552ef90}: java.lang.invoke.Invokers$Holder.linkToTargetMethod(Ljava/lang/Object;ILjava/lang/Object;)Ljava/lang/Object;> (0x000000071552ef90) thrown at [./open/src/hotspot/share/interpreter/linkResolver
Event: 1.715 Thread 0x00000112015c0000 Exception <a 'java/lang/NoSuchMethodError'{0x000000071578a930}: java.lang.invoke.DirectMethodHandle$Holder.invokeVirtual(Ljava/lang/Object;Ljava/lang/Object;)V> (0x000000071578a930) thrown at [./open/src/hotspot/share/interpreter/linkResolver.cpp, line 77
Event: 5.622 Thread 0x0000011203ff1800 Implicit null exception at 0x000001126cf0f982 to 0x000001126cf0fc54

Events (10 events):
Event: 219.786 Thread 0x00000112044fe800 DEOPT PACKING pc=0x000001126cfa89a0 sp=0x0000000c6d9ff320
Event: 219.786 Thread 0x00000112044fe800 DEOPT UNPACKING pc=0x00000112653283af sp=0x0000000c6d9ff238 mode 2
Event: 219.786 Thread 0x00000112044fe800 Uncommon trap: trap_request=0xffffffde fr.pc=0x000001126cfaa3f0 relative=0x0000000000000130
Event: 219.786 Thread 0x00000112044fe800 DEOPT PACKING pc=0x000001126cfaa3f0 sp=0x0000000c6d9ff280
Event: 219.786 Thread 0x00000112044fe800 DEOPT UNPACKING pc=0x00000112653283af sp=0x0000000c6d9ff148 mode 2
Event: 219.840 Thread 0x00000112044fe800 Uncommon trap: trap_request=0xffffff4d fr.pc=0x000001126cfac538 relative=0x0000000000001338
Event: 219.840 Thread 0x00000112044fe800 DEOPT PACKING pc=0x000001126cfac538 sp=0x0000000c6d9ff310
Event: 219.840 Thread 0x00000112044fe800 DEOPT UNPACKING pc=0x00000112653283af sp=0x0000000c6d9ff308 mode 2
Event: 219.859 Thread 0x0000011200f7e800 Thread exited: 0x0000011200f7e800
Event: 219.901 Thread 0x000001120aad8800 Thread added: 0x000001120aad8800


Dynamic libraries:
0x00007ff6f2520000 - 0x00007ff6f2530000 	C:\Program Files\Java\jdk-11\bin\java.exe
0x00007ffd5a430000 - 0x00007ffd5a644000 	C:\WINDOWS\SYSTEM32\ntdll.dll
0x00007ffd59d80000 - 0x00007ffd59e42000 	C:\WINDOWS\System32\KERNEL32.DLL
0x00007ffd57c60000 - 0x00007ffd57ffc000 	C:\WINDOWS\System32\KERNELBASE.dll
0x00007ffd57b40000 - 0x00007ffd57c51000 	C:\WINDOWS\System32\ucrtbase.dll
0x00007ffd35960000 - 0x00007ffd3597b000 	C:\Program Files\Java\jdk-11\bin\VCRUNTIME140.dll
0x00007ffd35980000 - 0x00007ffd35998000 	C:\Program Files\Java\jdk-11\bin\jli.dll
0x00007ffd587a0000 - 0x00007ffd5884e000 	C:\WINDOWS\System32\ADVAPI32.dll
0x00007ffd5a180000 - 0x00007ffd5a227000 	C:\WINDOWS\System32\msvcrt.dll
0x00007ffd59f20000 - 0x00007ffd59fc4000 	C:\WINDOWS\System32\sechost.dll
0x00007ffd58240000 - 0x00007ffd58357000 	C:\WINDOWS\System32\RPCRT4.dll
0x00007ffd598b0000 - 0x00007ffd59a5b000 	C:\WINDOWS\System32\USER32.dll
0x00007ffd3c060000 - 0x00007ffd3c2ee000 	C:\WINDOWS\WinSxS\amd64_microsoft.windows.common-controls_6595b64144ccf1df_6.0.22621.608_none_a9444ca7c10bb01d\COMCTL32.dll
0x00007ffd58210000 - 0x00007ffd58236000 	C:\WINDOWS\System32\win32u.dll
0x00007ffd59e60000 - 0x00007ffd59e89000 	C:\WINDOWS\System32\GDI32.dll
0x00007ffd58070000 - 0x00007ffd58183000 	C:\WINDOWS\System32\gdi32full.dll
0x00007ffd57870000 - 0x00007ffd5790a000 	C:\WINDOWS\System32\msvcp_win.dll
0x00007ffd4fb70000 - 0x00007ffd4fb7a000 	C:\WINDOWS\SYSTEM32\VERSION.dll
0x00007ffd5a3b0000 - 0x00007ffd5a3e1000 	C:\WINDOWS\System32\IMM32.DLL
0x00007ffd425f0000 - 0x00007ffd425fc000 	C:\Program Files\Java\jdk-11\bin\vcruntime140_1.dll
0x00007ffd21330000 - 0x00007ffd213be000 	C:\Program Files\Java\jdk-11\bin\msvcp140.dll
0x00007ffcb94a0000 - 0x00007ffcba008000 	C:\Program Files\Java\jdk-11\bin\server\jvm.dll
0x00007ffd5a040000 - 0x00007ffd5a048000 	C:\WINDOWS\System32\PSAPI.DLL
0x00007ffd51240000 - 0x00007ffd51274000 	C:\WINDOWS\SYSTEM32\WINMM.dll
0x00007ffd3cb50000 - 0x00007ffd3cb59000 	C:\WINDOWS\SYSTEM32\WSOCK32.dll
0x00007ffd59d00000 - 0x00007ffd59d71000 	C:\WINDOWS\System32\WS2_32.dll
0x00007ffd56970000 - 0x00007ffd56988000 	C:\WINDOWS\SYSTEM32\kernel.appcore.dll
0x00007ffd3ea40000 - 0x00007ffd3ea50000 	C:\Program Files\Java\jdk-11\bin\verify.dll
0x00007ffd4fec0000 - 0x00007ffd500ee000 	C:\WINDOWS\SYSTEM32\DBGHELP.DLL
0x00007ffd58360000 - 0x00007ffd586e9000 	C:\WINDOWS\System32\combase.dll
0x00007ffd5a050000 - 0x00007ffd5a127000 	C:\WINDOWS\System32\OLEAUT32.dll
0x00007ffd4fe00000 - 0x00007ffd4fe32000 	C:\WINDOWS\SYSTEM32\dbgcore.DLL
0x00007ffd58190000 - 0x00007ffd5820b000 	C:\WINDOWS\System32\bcryptPrimitives.dll
0x00007ffd31db0000 - 0x00007ffd31dd8000 	C:\Program Files\Java\jdk-11\bin\java.dll
0x00007ffd35c60000 - 0x00007ffd35c6a000 	C:\Program Files\Java\jdk-11\bin\jimage.dll
0x00007ffd35870000 - 0x00007ffd35887000 	C:\Program Files\Java\jdk-11\bin\zip.dll
0x00007ffd58c40000 - 0x00007ffd59430000 	C:\WINDOWS\System32\SHELL32.dll
0x00007ffd55840000 - 0x00007ffd5610d000 	C:\WINDOWS\SYSTEM32\windows.storage.dll
0x00007ffd55700000 - 0x00007ffd5583e000 	C:\WINDOWS\SYSTEM32\wintypes.dll
0x00007ffd59a60000 - 0x00007ffd59b51000 	C:\WINDOWS\System32\SHCORE.dll
0x00007ffd5a230000 - 0x00007ffd5a28e000 	C:\WINDOWS\System32\shlwapi.dll
0x00007ffd577a0000 - 0x00007ffd577c1000 	C:\WINDOWS\SYSTEM32\profapi.dll
0x00007ffd35830000 - 0x00007ffd35849000 	C:\Program Files\Java\jdk-11\bin\net.dll
0x00007ffd52140000 - 0x00007ffd52277000 	C:\WINDOWS\SYSTEM32\WINHTTP.dll
0x00007ffd56de0000 - 0x00007ffd56e49000 	C:\WINDOWS\system32\mswsock.dll
0x00007ffd31e30000 - 0x00007ffd31e42000 	C:\Program Files\Java\jdk-11\bin\nio.dll
0x00007ffcb6810000 - 0x00007ffcb6992000 	C:\Program Files\Java\jdk-11\bin\awt.dll
0x00007ffd54c30000 - 0x00007ffd54cc6000 	C:\WINDOWS\SYSTEM32\apphelp.dll
0x00007ffd54fd0000 - 0x00007ffd54ffb000 	C:\WINDOWS\system32\DWMAPI.DLL
0x00007ffd54d40000 - 0x00007ffd54deb000 	C:\WINDOWS\system32\uxtheme.dll
0x00007ffd4eb20000 - 0x00007ffd4ec20000 	C:\WINDOWS\system32\opengl32.dll
0x00007ffd4eaf0000 - 0x00007ffd4eb1d000 	C:\WINDOWS\SYSTEM32\GLU32.dll
0x00007ffd55040000 - 0x00007ffd55076000 	C:\WINDOWS\SYSTEM32\dxcore.dll
0x00007ffd5a290000 - 0x00007ffd5a3ae000 	C:\WINDOWS\System32\MSCTF.dll
0x00007ffd59b60000 - 0x00007ffd59cfc000 	C:\WINDOWS\System32\ole32.dll
0x00007ffd57020000 - 0x00007ffd5703b000 	C:\WINDOWS\SYSTEM32\CRYPTSP.dll
0x00007ffd568e0000 - 0x00007ffd56915000 	C:\WINDOWS\system32\rsaenh.dll
0x00007ffd56ea0000 - 0x00007ffd56ec8000 	C:\WINDOWS\SYSTEM32\USERENV.dll
0x00007ffd57240000 - 0x00007ffd57268000 	C:\WINDOWS\SYSTEM32\bcrypt.dll
0x00007ffd57040000 - 0x00007ffd5704c000 	C:\WINDOWS\SYSTEM32\CRYPTBASE.dll
0x00007ffd563d0000 - 0x00007ffd563fd000 	C:\WINDOWS\SYSTEM32\IPHLPAPI.DLL
0x00007ffd59ef0000 - 0x00007ffd59ef9000 	C:\WINDOWS\System32\NSI.dll
0x00007ffd51750000 - 0x00007ffd51769000 	C:\WINDOWS\SYSTEM32\dhcpcsvc6.DLL
0x00007ffd51730000 - 0x00007ffd5174f000 	C:\WINDOWS\SYSTEM32\dhcpcsvc.DLL
0x00007ffd56400000 - 0x00007ffd564f3000 	C:\WINDOWS\SYSTEM32\DNSAPI.dll
0x000000006e8c0000 - 0x000000006e8cd000 	C:\Users\Eguzm\AppData\Local\Temp\jogamp_0000\file_cache\jln3081274772212755503\jln7704820060664482946\natives\windows-amd64\gluegen_rt.dll
0x00007ffd35a60000 - 0x00007ffd35a67000 	C:\Program Files\Java\jdk-11\bin\jawt.dll
0x000000006a440000 - 0x000000006a44d000 	C:\Users\Eguzm\AppData\Local\Temp\jogamp_0000\file_cache\jln3081274772212755503\jln7704820060664482946\natives\windows-amd64\nativewindow_awt.dll
0x000000006c100000 - 0x000000006c110000 	C:\Users\Eguzm\AppData\Local\Temp\jogamp_0000\file_cache\jln3081274772212755503\jln7704820060664482946\natives\windows-amd64\nativewindow_win32.dll
0x0000000064500000 - 0x0000000064585000 	C:\Users\Eguzm\AppData\Local\Temp\jogamp_0000\file_cache\jln3081274772212755503\jln7704820060664482946\natives\windows-amd64\jogl_desktop.dll
0x0000000064340000 - 0x0000000064391000 	C:\Users\Eguzm\AppData\Local\Temp\jogamp_0000\file_cache\jln3081274772212755503\jln7704820060664482946\natives\windows-amd64\jogl_mobile.dll
0x00007ffd4e120000 - 0x00007ffd4e168000 	C:\WINDOWS\SYSTEM32\directxdatabasehelper.dll
0x00007ffd586f0000 - 0x00007ffd587a0000 	C:\WINDOWS\System32\clbcatq.dll
0x00007ffcaf8e0000 - 0x00007ffcb0902000 	C:\WINDOWS\System32\DriverStore\FileRepository\iigd_dch.inf_amd64_d73f88d32ddb95d3\ig11icd64.dll
0x00007ffd54ec0000 - 0x00007ffd54fb6000 	C:\WINDOWS\system32\dxgi.dll
0x00007ffcac280000 - 0x00007ffcac689000 	C:\WINDOWS\System32\DriverStore\FileRepository\iigd_dch.inf_amd64_d73f88d32ddb95d3\igdml64.dll
0x00007ffd48ea0000 - 0x00007ffd491d1000 	C:\WINDOWS\System32\DriverStore\FileRepository\iigd_dch.inf_amd64_d73f88d32ddb95d3\igdgmm64.dll
0x00007ffd46120000 - 0x00007ffd48e98000 	C:\WINDOWS\System32\DriverStore\FileRepository\iigd_dch.inf_amd64_d73f88d32ddb95d3\igc64.dll
0x00007ffd56740000 - 0x00007ffd5678d000 	C:\WINDOWS\SYSTEM32\powrprof.dll
0x00007ffd56720000 - 0x00007ffd56733000 	C:\WINDOWS\SYSTEM32\UMPDC.dll
0x00007ffd1b0e0000 - 0x00007ffd1b166000 	C:\Program Files\Java\jdk-11\bin\freetype.dll
0x00007ffd15140000 - 0x00007ffd15205000 	C:\Program Files\Java\jdk-11\bin\fontmanager.dll
0x00007ffd4b120000 - 0x00007ffd4b24e000 	C:\WINDOWS\SYSTEM32\textinputframework.dll
0x00007ffd40a20000 - 0x00007ffd40a89000 	C:\WINDOWS\system32\Oleacc.dll
0x00007ffd54ab0000 - 0x00007ffd54be3000 	C:\WINDOWS\SYSTEM32\CoreMessaging.dll
0x00007ffd4d820000 - 0x00007ffd4db8c000 	C:\WINDOWS\SYSTEM32\CoreUIComponents.dll
0x00007ffd2a8c0000 - 0x00007ffd2a8ee000 	C:\Program Files\Java\jdk-11\bin\javajpeg.dll

dbghelp: loaded successfully - version: 4.0.5 - missing functions: none
symbol engine: initialized successfully - sym options: 0x614 - pdb path: .;C:\Program Files\Java\jdk-11\bin;C:\WINDOWS\SYSTEM32;C:\WINDOWS\WinSxS\amd64_microsoft.windows.common-controls_6595b64144ccf1df_6.0.22621.608_none_a9444ca7c10bb01d;C:\Program Files\Java\jdk-11\bin\server;C:\Users\Eguzm\AppData\Local\Temp\jogamp_0000\file_cache\jln3081274772212755503\jln7704820060664482946\natives\windows-amd64;C:\WINDOWS\System32\DriverStore\FileRepository\iigd_dch.inf_amd64_d73f88d32ddb95d3

VM Arguments:
jvm_args: -Dsun.java2d.d3d=false -Dsun.java2d.uiScale=1 
java_command: a3.Code
java_class_path (initial): .;C:\javagaming\joml\joml-1.10.0.jar;C:\javagaming\jogl\jogl-all.jar;C:\javagaming\jogl\gluegen-rt.jar;C:\javagaming\jogl\joal.jar;C:\javagaming\jinput\jinput.jar;C:\javagaming\jbullet\jbullet.jar;C:\javagaming\vecmath\vecmath.jar;
Launcher Type: SUN_STANDARD

[Global flags]
     intx CICompilerCount                          = 4                                         {product} {ergonomic}
     uint ConcGCThreads                            = 2                                         {product} {ergonomic}
     uint G1ConcRefinementThreads                  = 8                                         {product} {ergonomic}
   size_t G1HeapRegionSize                         = 1048576                                   {product} {ergonomic}
    uintx GCDrainStackTargetSize                   = 64                                        {product} {ergonomic}
   size_t InitialHeapSize                          = 262144000                                 {product} {ergonomic}
   size_t MarkStackSize                            = 4194304                                   {product} {ergonomic}
   size_t MaxHeapSize                              = 4188012544                                {product} {ergonomic}
   size_t MaxNewSize                               = 2512388096                                {product} {ergonomic}
   size_t MinHeapDeltaBytes                        = 1048576                                   {product} {ergonomic}
    uintx NonNMethodCodeHeapSize                   = 5836300                                {pd product} {ergonomic}
    uintx NonProfiledCodeHeapSize                  = 122910970                              {pd product} {ergonomic}
    uintx ProfiledCodeHeapSize                     = 122910970                              {pd product} {ergonomic}
    uintx ReservedCodeCacheSize                    = 251658240                              {pd product} {ergonomic}
     bool SegmentedCodeCache                       = true                                      {product} {ergonomic}
     bool UseCompressedClassPointers               = true                                 {lp64_product} {ergonomic}
     bool UseCompressedOops                        = true                                 {lp64_product} {ergonomic}
     bool UseG1GC                                  = true                                      {product} {ergonomic}
     bool UseLargePagesIndividualAllocation        = false                                  {pd product} {ergonomic}

Logging:
Log output configuration:
 #0: stdout all=warning uptime,level,tags
 #1: stderr all=off uptime,level,tags

Environment Variables:
JAVA_HOME=C:\Program Files\Java\jdk-11
CLASSPATH=.;C:\javagaming\joml\joml-1.10.0.jar;C:\javagaming\jogl\jogl-all.jar;C:\javagaming\jogl\gluegen-rt.jar;C:\javagaming\jogl\joal.jar;C:\javagaming\jinput\jinput.jar;C:\javagaming\jbullet\jbullet.jar;C:\javagaming\vecmath\vecmath.jar;
PATH=C:\Program Files\Common Files\Oracle\Java\javapath;C:\WINDOWS\system32;C:\WINDOWS;C:\WINDOWS\System32\Wbem;C:\WINDOWS\System32\WindowsPowerShell\v1.0\;C:\WINDOWS\System32\OpenSSH\;C:\Program Files\Git\cmd;C:\javagaming\jinput\lib;C:\Users\Eguzm\AppData\Local\Microsoft\WindowsApps;;C:\Users\Eguzm\AppData\Local\Programs\Microsoft VS Code\bin;C:\Program Files\heroku\bin
USERNAME=Eguzm
OS=Windows_NT
PROCESSOR_IDENTIFIER=Intel64 Family 6 Model 126 Stepping 5, GenuineIntel



---------------  S Y S T E M  ---------------

OS: Windows 11 , 64 bit Build 22621 (10.0.22621.1485)
Hyper-V role detected

CPU:total 8 (initial active 8) (4 cores per cpu, 2 threads per core) family 6 model 126 stepping 5 microcode 0xb0, cmov, cx8, fxsr, mmx, sse, sse2, sse3, ssse3, sse4.1, sse4.2, popcnt, avx, avx2, aes, clmul, erms, 3dnowpref, lzcnt, ht, tsc, tscinvbit, bmi1, bmi2, adx, evex, sha, fma

Memory: 4k page, system-wide physical 15970M (3382M free)
TotalPageFile size 21858M (AvailPageFile size 3325M)
current process WorkingSet (physical memory assigned to process): 814M, peak: 944M
current process commit charge ("private bytes"): 835M, peak: 967M

vm_info: Java HotSpot(TM) 64-Bit Server VM (11.0.18+9-LTS-195) for windows-amd64 JRE (11.0.18+9-LTS-195), built on Dec  6 2022 15:50:58 by "mach5one" with MS VC++ 17.1 (VS2022)

END.
